2025-07-07 10:46:42,803 - INFO - 开始从 'templates' 目录加载选项模板...
2025-07-07 10:46:42,803 - INFO -   -> 已加载模板: option_A_1.png for Option A
2025-07-07 10:46:42,803 - INFO -   -> 已加载模板: option_A_2.png for Option A
2025-07-07 10:46:42,803 - INFO -   -> 已加载模板: option_B_1.png for Option B
2025-07-07 10:46:42,803 - INFO -   -> 已加载模板: option_B_2.png for Option B
2025-07-07 10:46:42,803 - INFO -   -> 已加载模板: option_C_1.png for Option C
2025-07-07 10:46:42,805 - INFO -   -> 已加载模板: option_C_2.png for Option C
2025-07-07 10:46:42,805 - INFO -   -> 已加载模板: option_D_1.png for Option D
2025-07-07 10:46:42,805 - INFO -   -> 已加载模板: option_D_2.png for Option D
2025-07-07 10:46:42,805 - INFO - 选项模板加载完成。
2025-07-07 10:46:42,805 - INFO -   - 选项 [A] 加载了 2 个模板。
2025-07-07 10:46:42,805 - INFO -   - 选项 [B] 加载了 2 个模板。
2025-07-07 10:46:42,805 - INFO -   - 选项 [C] 加载了 2 个模板。
2025-07-07 10:46:42,805 - INFO -   - 选项 [D] 加载了 2 个模板。
2025-07-07 10:46:42,805 - INFO - 正在初始化OCR模型...
2025-07-07 10:46:43,713 - INFO - OCR模型初始化完成。
2025-07-07 10:46:43,713 - INFO - =========== 配置加载 ===========
2025-07-07 10:46:43,713 - INFO - 投屏区域 (Region): (2481, 0, 901, 2063)
2025-07-07 10:46:43,714 - INFO - 滚动后延时 (Scroll Delay): 1.5s
2025-07-07 10:46:43,714 - INFO - 最大滚动次数 (Scroll Retries): 3
2025-07-07 10:46:43,714 - INFO - 脚本将在3秒后开始，请确保投屏窗口在前台且无遮挡...
2025-07-07 10:46:46,729 - INFO - 
==================== 新一轮检测循环 ====================
2025-07-07 10:46:48,106 - INFO - 检测到新题目: 第50题 (上一题: 初始化)
2025-07-07 10:46:48,511 - INFO - 在当前页面找到[提交按钮]，区域坐标: (445, 1567)
2025-07-07 10:46:48,512 - INFO - 已对题目 第50题 的屏幕状态进行分析。
2025-07-07 10:46:49,015 - INFO - 找到选项 [A] (使用模板: option_A_1.png)，区域坐标: (141, 1036)
2025-07-07 10:46:49,439 - INFO - 找到选项 [B] (使用模板: option_B_2.png)，区域坐标: (144, 1171)
2025-07-07 10:46:49,860 - INFO - 找到选项 [C] (使用模板: option_C_2.png)，区域坐标: (145, 1302)
2025-07-07 10:46:50,231 - INFO - 找到选项 [D] (使用模板: option_D_2.png)，区域坐标: (145, 1435)
2025-07-07 10:46:50,232 - INFO - 开始解答多选题: 第50题
2025-07-07 10:46:50,232 - INFO - --- 开始第 1/3 轮多选题尝试 ---
2025-07-07 10:46:50,232 - INFO - 尝试多选组合: ['A', 'B']
2025-07-07 10:46:50,232 - INFO - 执行点击: 区域坐标=(141, 1036), 屏幕绝对坐标=(2622, 1036)
2025-07-07 10:46:51,162 - INFO - 执行点击: 区域坐标=(144, 1171), 屏幕绝对坐标=(2625, 1171)
2025-07-07 10:46:52,101 - INFO - 执行点击: 区域坐标=(445, 1567), 屏幕绝对坐标=(2926, 1567)
2025-07-07 10:46:52,225 - INFO - 采用[固定延时]策略，等待 1 秒...
2025-07-07 10:46:54,181 - INFO - 延时结束，重新识别... 新题号: 第50题
2025-07-07 10:46:54,181 - INFO - 组合 ['A', 'B'] 错误，继续...
2025-07-07 10:46:54,181 - INFO - 尝试多选组合: ['C', 'A']
2025-07-07 10:46:54,182 - INFO - 执行点击: 区域坐标=(144, 1171), 屏幕绝对坐标=(2625, 1171)
2025-07-07 10:46:55,108 - INFO - 执行点击: 区域坐标=(145, 1302), 屏幕绝对坐标=(2626, 1302)
2025-07-07 10:46:56,045 - INFO - 执行点击: 区域坐标=(445, 1567), 屏幕绝对坐标=(2926, 1567)
2025-07-07 10:46:56,170 - INFO - 采用[固定延时]策略，等待 1 秒...
2025-07-07 10:46:58,149 - INFO - 延时结束，重新识别... 新题号: 第50题
2025-07-07 10:46:58,149 - INFO - 组合 ['C', 'A'] 错误，继续...
2025-07-07 10:46:58,149 - INFO - 尝试多选组合: ['D', 'A']
2025-07-07 10:46:58,149 - INFO - 执行点击: 区域坐标=(145, 1302), 屏幕绝对坐标=(2626, 1302)
2025-07-07 10:46:59,087 - INFO - 执行点击: 区域坐标=(145, 1435), 屏幕绝对坐标=(2626, 1435)
2025-07-07 10:47:00,021 - INFO - 执行点击: 区域坐标=(445, 1567), 屏幕绝对坐标=(2926, 1567)
2025-07-07 10:47:00,146 - INFO - 采用[固定延时]策略，等待 1 秒...
2025-07-07 10:47:02,104 - INFO - 延时结束，重新识别... 新题号: 第50题
2025-07-07 10:47:02,104 - INFO - 组合 ['D', 'A'] 错误，继续...
2025-07-07 10:47:02,104 - INFO - 尝试多选组合: ['C', 'B']
2025-07-07 10:47:02,104 - INFO - 执行点击: 区域坐标=(145, 1435), 屏幕绝对坐标=(2626, 1435)
2025-07-07 10:47:03,037 - INFO - 执行点击: 区域坐标=(141, 1036), 屏幕绝对坐标=(2622, 1036)
2025-07-07 10:47:03,971 - INFO - 执行点击: 区域坐标=(145, 1302), 屏幕绝对坐标=(2626, 1302)
2025-07-07 10:47:04,891 - INFO - 执行点击: 区域坐标=(144, 1171), 屏幕绝对坐标=(2625, 1171)
2025-07-07 10:47:05,829 - INFO - 执行点击: 区域坐标=(445, 1567), 屏幕绝对坐标=(2926, 1567)
2025-07-07 10:47:05,953 - INFO - 采用[固定延时]策略，等待 1 秒...
2025-07-07 10:47:07,879 - INFO - 延时结束，重新识别... 新题号: 第50题
2025-07-07 10:47:07,879 - INFO - 组合 ['C', 'B'] 错误，继续...
2025-07-07 10:47:07,879 - INFO - 尝试多选组合: ['D', 'B']
2025-07-07 10:47:07,879 - INFO - 执行点击: 区域坐标=(145, 1302), 屏幕绝对坐标=(2626, 1302)
2025-07-07 10:47:08,805 - INFO - 执行点击: 区域坐标=(145, 1435), 屏幕绝对坐标=(2626, 1435)
2025-07-07 10:47:09,740 - INFO - 执行点击: 区域坐标=(445, 1567), 屏幕绝对坐标=(2926, 1567)
2025-07-07 10:47:09,865 - INFO - 采用[固定延时]策略，等待 1 秒...
2025-07-07 10:47:12,018 - INFO - 延时结束，重新识别... 新题号: 第51题
2025-07-07 10:47:12,018 - INFO - 
==================== 新一轮检测循环 ====================
2025-07-07 10:47:13,105 - INFO - 检测到新题目: 第51题 (上一题: 第50题)
2025-07-07 10:47:13,606 - INFO - 在当前页面找到[提交按钮]，区域坐标: (445, 1720)
2025-07-07 10:47:13,607 - INFO - 已对题目 第51题 的屏幕状态进行分析。
2025-07-07 10:47:14,174 - INFO - 找到选项 [A] (使用模板: option_A_1.png)，区域坐标: (142, 1036)
2025-07-07 10:47:14,674 - INFO - 找到选项 [B] (使用模板: option_B_2.png)，区域坐标: (144, 1209)
2025-07-07 10:47:15,216 - INFO - 找到选项 [C] (使用模板: option_C_2.png)，区域坐标: (145, 1378)
2025-07-07 10:47:15,647 - INFO - 找到选项 [D] (使用模板: option_D_2.png)，区域坐标: (145, 1549)
2025-07-07 10:47:15,648 - INFO - 开始解答多选题: 第51题
2025-07-07 10:47:15,648 - INFO - --- 开始第 1/3 轮多选题尝试 ---
2025-07-07 10:47:15,648 - INFO - 尝试多选组合: ['A', 'B']
2025-07-07 10:47:15,648 - INFO - 执行点击: 区域坐标=(142, 1036), 屏幕绝对坐标=(2623, 1036)
2025-07-07 10:47:16,590 - INFO - 执行点击: 区域坐标=(144, 1209), 屏幕绝对坐标=(2625, 1209)
2025-07-07 10:47:17,512 - INFO - 执行点击: 区域坐标=(445, 1720), 屏幕绝对坐标=(2926, 1720)
2025-07-07 10:47:17,636 - INFO - 采用[固定延时]策略，等待 1 秒...
2025-07-07 10:47:19,967 - INFO - 延时结束，重新识别... 新题号: 第51题
2025-07-07 10:47:19,969 - INFO - 组合 ['A', 'B'] 错误，继续...
2025-07-07 10:47:19,969 - INFO - 尝试多选组合: ['C', 'A']
2025-07-07 10:47:19,969 - INFO - 执行点击: 区域坐标=(144, 1209), 屏幕绝对坐标=(2625, 1209)
2025-07-07 10:47:20,905 - INFO - 执行点击: 区域坐标=(145, 1378), 屏幕绝对坐标=(2626, 1378)
2025-07-07 10:47:21,838 - INFO - 执行点击: 区域坐标=(445, 1720), 屏幕绝对坐标=(2926, 1720)
2025-07-07 10:47:21,964 - INFO - 采用[固定延时]策略，等待 1 秒...
2025-07-07 10:47:24,571 - INFO - 延时结束，重新识别... 新题号: 第51题
2025-07-07 10:47:24,571 - INFO - 组合 ['C', 'A'] 错误，继续...
2025-07-07 10:47:24,572 - INFO - 尝试多选组合: ['D', 'A']
2025-07-07 10:47:24,572 - INFO - 执行点击: 区域坐标=(145, 1378), 屏幕绝对坐标=(2626, 1378)
2025-07-07 10:47:25,500 - INFO - 执行点击: 区域坐标=(145, 1549), 屏幕绝对坐标=(2626, 1549)
2025-07-07 10:47:26,433 - INFO - 执行点击: 区域坐标=(445, 1720), 屏幕绝对坐标=(2926, 1720)
2025-07-07 10:47:26,557 - INFO - 采用[固定延时]策略，等待 1 秒...
2025-07-07 10:47:28,802 - INFO - 延时结束，重新识别... 新题号: 第51题
2025-07-07 10:47:28,802 - INFO - 组合 ['D', 'A'] 错误，继续...
2025-07-07 10:47:28,802 - INFO - 尝试多选组合: ['C', 'B']
2025-07-07 10:47:28,803 - INFO - 执行点击: 区域坐标=(145, 1549), 屏幕绝对坐标=(2626, 1549)
2025-07-07 10:47:29,742 - INFO - 执行点击: 区域坐标=(142, 1036), 屏幕绝对坐标=(2623, 1036)
2025-07-07 10:47:30,662 - INFO - 执行点击: 区域坐标=(145, 1378), 屏幕绝对坐标=(2626, 1378)
2025-07-07 10:47:31,595 - INFO - 执行点击: 区域坐标=(144, 1209), 屏幕绝对坐标=(2625, 1209)
2025-07-07 10:47:32,531 - INFO - 执行点击: 区域坐标=(445, 1720), 屏幕绝对坐标=(2926, 1720)
2025-07-07 10:47:32,658 - INFO - 采用[固定延时]策略，等待 1 秒...
2025-07-07 10:47:34,900 - INFO - 延时结束，重新识别... 新题号: 第51题
2025-07-07 10:47:34,900 - INFO - 组合 ['C', 'B'] 错误，继续...
2025-07-07 10:47:34,900 - INFO - 尝试多选组合: ['D', 'B']
2025-07-07 10:47:34,900 - INFO - 执行点击: 区域坐标=(145, 1378), 屏幕绝对坐标=(2626, 1378)
2025-07-07 10:47:35,829 - INFO - 执行点击: 区域坐标=(145, 1549), 屏幕绝对坐标=(2626, 1549)
2025-07-07 10:47:36,749 - INFO - 执行点击: 区域坐标=(445, 1720), 屏幕绝对坐标=(2926, 1720)
2025-07-07 10:47:36,859 - INFO - 采用[固定延时]策略，等待 1 秒...
2025-07-07 10:47:39,066 - INFO - 延时结束，重新识别... 新题号: 第51题
2025-07-07 10:47:39,066 - INFO - 组合 ['D', 'B'] 错误，继续...
2025-07-07 10:47:39,066 - INFO - 尝试多选组合: ['C', 'D']
2025-07-07 10:47:39,067 - INFO - 执行点击: 区域坐标=(144, 1209), 屏幕绝对坐标=(2625, 1209)
2025-07-07 10:47:40,011 - INFO - 执行点击: 区域坐标=(145, 1378), 屏幕绝对坐标=(2626, 1378)
2025-07-07 10:47:40,931 - INFO - 执行点击: 区域坐标=(445, 1720), 屏幕绝对坐标=(2926, 1720)
2025-07-07 10:47:41,055 - INFO - 采用[固定延时]策略，等待 1 秒...
2025-07-07 10:47:43,327 - INFO - 延时结束，重新识别... 新题号: 第51题
2025-07-07 10:47:43,327 - INFO - 组合 ['C', 'D'] 错误，继续...
2025-07-07 10:47:43,327 - INFO - 尝试多选组合: ['C', 'A', 'B']
2025-07-07 10:47:43,328 - INFO - 执行点击: 区域坐标=(145, 1549), 屏幕绝对坐标=(2626, 1549)
2025-07-07 10:47:44,272 - INFO - 执行点击: 区域坐标=(142, 1036), 屏幕绝对坐标=(2623, 1036)
2025-07-07 10:47:45,192 - INFO - 执行点击: 区域坐标=(144, 1209), 屏幕绝对坐标=(2625, 1209)
2025-07-07 10:47:46,127 - INFO - 执行点击: 区域坐标=(445, 1720), 屏幕绝对坐标=(2926, 1720)
2025-07-07 10:47:46,252 - INFO - 采用[固定延时]策略，等待 1 秒...
2025-07-07 10:47:48,709 - INFO - 延时结束，重新识别... 新题号: 第51题
2025-07-07 10:47:48,709 - INFO - 组合 ['C', 'A', 'B'] 错误，继续...
2025-07-07 10:47:48,709 - INFO - 尝试多选组合: ['D', 'A', 'B']
2025-07-07 10:47:48,709 - INFO - 执行点击: 区域坐标=(145, 1378), 屏幕绝对坐标=(2626, 1378)
2025-07-07 10:47:49,649 - INFO - 执行点击: 区域坐标=(145, 1549), 屏幕绝对坐标=(2626, 1549)
2025-07-07 10:47:50,570 - INFO - 执行点击: 区域坐标=(445, 1720), 屏幕绝对坐标=(2926, 1720)
2025-07-07 10:47:50,694 - INFO - 采用[固定延时]策略，等待 1 秒...
2025-07-07 10:47:52,962 - INFO - 延时结束，重新识别... 新题号: 第51题
2025-07-07 10:47:52,963 - INFO - 组合 ['D', 'A', 'B'] 错误，继续...
2025-07-07 10:47:52,963 - INFO - 尝试多选组合: ['C', 'D', 'A']
2025-07-07 10:47:52,963 - INFO - 执行点击: 区域坐标=(144, 1209), 屏幕绝对坐标=(2625, 1209)
2025-07-07 10:47:53,910 - INFO - 执行点击: 区域坐标=(145, 1378), 屏幕绝对坐标=(2626, 1378)
2025-07-07 10:47:54,827 - INFO - 执行点击: 区域坐标=(445, 1720), 屏幕绝对坐标=(2926, 1720)
2025-07-07 10:47:54,951 - INFO - 采用[固定延时]策略，等待 1 秒...
2025-07-07 10:47:57,507 - INFO - 延时结束，重新识别... 新题号: 第51题
2025-07-07 10:47:57,507 - INFO - 组合 ['C', 'D', 'A'] 错误，继续...
2025-07-07 10:47:57,508 - INFO - 尝试多选组合: ['C', 'D', 'B']
2025-07-07 10:47:57,508 - INFO - 执行点击: 区域坐标=(142, 1036), 屏幕绝对坐标=(2623, 1036)
2025-07-07 10:47:58,447 - INFO - 执行点击: 区域坐标=(144, 1209), 屏幕绝对坐标=(2625, 1209)
2025-07-07 10:47:59,386 - INFO - 执行点击: 区域坐标=(445, 1720), 屏幕绝对坐标=(2926, 1720)
2025-07-07 10:47:59,497 - INFO - 采用[固定延时]策略，等待 1 秒...
2025-07-07 10:48:01,798 - INFO - 延时结束，重新识别... 新题号: 第52题
2025-07-07 10:48:01,798 - INFO - 
==================== 新一轮检测循环 ====================
2025-07-07 10:48:03,130 - INFO - 检测到新题目: 第52题 (上一题: 第51题)
2025-07-07 10:48:03,680 - INFO - 在当前页面找到[提交按钮]，区域坐标: (445, 1605)
2025-07-07 10:48:03,681 - INFO - 已对题目 第52题 的屏幕状态进行分析。
2025-07-07 10:48:04,157 - INFO - 找到选项 [A] (使用模板: option_A_1.png)，区域坐标: (142, 1036)
2025-07-07 10:48:04,708 - INFO - 找到选项 [B] (使用模板: option_B_2.png)，区域坐标: (144, 1171)
2025-07-07 10:48:05,146 - INFO - 找到选项 [C] (使用模板: option_C_2.png)，区域坐标: (145, 1340)
2025-07-07 10:48:05,610 - INFO - 找到选项 [D] (使用模板: option_D_2.png)，区域坐标: (145, 1473)
2025-07-07 10:48:05,611 - INFO - 开始解答多选题: 第52题
2025-07-07 10:48:05,611 - INFO - --- 开始第 1/3 轮多选题尝试 ---
2025-07-07 10:48:05,611 - INFO - 尝试多选组合: ['A', 'B']
2025-07-07 10:48:05,612 - INFO - 执行点击: 区域坐标=(142, 1036), 屏幕绝对坐标=(2623, 1036)
2025-07-07 10:48:06,543 - INFO - 执行点击: 区域坐标=(144, 1171), 屏幕绝对坐标=(2625, 1171)
2025-07-07 10:48:07,475 - INFO - 执行点击: 区域坐标=(445, 1605), 屏幕绝对坐标=(2926, 1605)
2025-07-07 10:48:07,598 - INFO - 采用[固定延时]策略，等待 1 秒...
2025-07-07 10:48:09,732 - INFO - 延时结束，重新识别... 新题号: 第52题
2025-07-07 10:48:09,733 - INFO - 组合 ['A', 'B'] 错误，继续...
2025-07-07 10:48:09,733 - INFO - 尝试多选组合: ['C', 'A']
2025-07-07 10:48:09,733 - INFO - 执行点击: 区域坐标=(144, 1171), 屏幕绝对坐标=(2625, 1171)
2025-07-07 10:48:10,672 - INFO - 执行点击: 区域坐标=(145, 1340), 屏幕绝对坐标=(2626, 1340)
2025-07-07 10:48:11,606 - INFO - 执行点击: 区域坐标=(445, 1605), 屏幕绝对坐标=(2926, 1605)
2025-07-07 10:48:11,714 - INFO - 采用[固定延时]策略，等待 1 秒...
2025-07-07 10:48:13,741 - INFO - 延时结束，重新识别... 新题号: 第52题
2025-07-07 10:48:13,741 - INFO - 组合 ['C', 'A'] 错误，继续...
2025-07-07 10:48:13,741 - INFO - 尝试多选组合: ['D', 'A']
2025-07-07 10:48:13,741 - INFO - 执行点击: 区域坐标=(145, 1340), 屏幕绝对坐标=(2626, 1340)
2025-07-07 10:48:14,672 - INFO - 执行点击: 区域坐标=(145, 1473), 屏幕绝对坐标=(2626, 1473)
2025-07-07 10:48:15,605 - INFO - 执行点击: 区域坐标=(445, 1605), 屏幕绝对坐标=(2926, 1605)
2025-07-07 10:48:15,730 - INFO - 采用[固定延时]策略，等待 1 秒...
2025-07-07 10:48:17,782 - INFO - 延时结束，重新识别... 新题号: 第52题
2025-07-07 10:48:17,782 - INFO - 组合 ['D', 'A'] 错误，继续...
2025-07-07 10:48:17,782 - INFO - 尝试多选组合: ['C', 'B']
2025-07-07 10:48:17,782 - INFO - 执行点击: 区域坐标=(145, 1473), 屏幕绝对坐标=(2626, 1473)
2025-07-07 10:48:18,704 - INFO - 执行点击: 区域坐标=(142, 1036), 屏幕绝对坐标=(2623, 1036)
2025-07-07 10:48:19,639 - INFO - 执行点击: 区域坐标=(145, 1340), 屏幕绝对坐标=(2626, 1340)
2025-07-07 10:48:20,576 - INFO - 执行点击: 区域坐标=(144, 1171), 屏幕绝对坐标=(2625, 1171)
2025-07-07 10:48:21,512 - INFO - 执行点击: 区域坐标=(445, 1605), 屏幕绝对坐标=(2926, 1605)
2025-07-07 10:48:21,638 - INFO - 采用[固定延时]策略，等待 1 秒...
2025-07-07 10:48:23,938 - INFO - 延时结束，重新识别... 新题号: 第52题
2025-07-07 10:48:23,939 - INFO - 组合 ['C', 'B'] 错误，继续...
2025-07-07 10:48:23,939 - INFO - 尝试多选组合: ['D', 'B']
2025-07-07 10:48:23,939 - INFO - 执行点击: 区域坐标=(145, 1340), 屏幕绝对坐标=(2626, 1340)
2025-07-07 10:48:24,864 - INFO - 执行点击: 区域坐标=(145, 1473), 屏幕绝对坐标=(2626, 1473)
2025-07-07 10:48:25,794 - INFO - 执行点击: 区域坐标=(445, 1605), 屏幕绝对坐标=(2926, 1605)
2025-07-07 10:48:25,919 - INFO - 采用[固定延时]策略，等待 1 秒...
2025-07-07 10:48:28,025 - INFO - 延时结束，重新识别... 新题号: 第52题
2025-07-07 10:48:28,025 - INFO - 组合 ['D', 'B'] 错误，继续...
2025-07-07 10:48:28,025 - INFO - 尝试多选组合: ['C', 'D']
2025-07-07 10:48:28,026 - INFO - 执行点击: 区域坐标=(144, 1171), 屏幕绝对坐标=(2625, 1171)
2025-07-07 10:48:28,954 - INFO - 执行点击: 区域坐标=(145, 1340), 屏幕绝对坐标=(2626, 1340)
2025-07-07 10:48:29,890 - INFO - 执行点击: 区域坐标=(445, 1605), 屏幕绝对坐标=(2926, 1605)
2025-07-07 10:48:30,014 - INFO - 采用[固定延时]策略，等待 1 秒...
2025-07-07 10:48:32,053 - INFO - 延时结束，重新识别... 新题号: 第52题
2025-07-07 10:48:32,053 - INFO - 组合 ['C', 'D'] 错误，继续...
2025-07-07 10:48:32,053 - INFO - 尝试多选组合: ['C', 'A', 'B']
2025-07-07 10:48:32,053 - INFO - 执行点击: 区域坐标=(145, 1473), 屏幕绝对坐标=(2626, 1473)
2025-07-07 10:48:32,980 - INFO - 执行点击: 区域坐标=(142, 1036), 屏幕绝对坐标=(2623, 1036)
2025-07-07 10:48:33,914 - INFO - 执行点击: 区域坐标=(144, 1171), 屏幕绝对坐标=(2625, 1171)
2025-07-07 10:48:34,851 - INFO - 执行点击: 区域坐标=(445, 1605), 屏幕绝对坐标=(2926, 1605)
2025-07-07 10:48:34,974 - INFO - 采用[固定延时]策略，等待 1 秒...
2025-07-07 10:48:36,966 - INFO - 延时结束，重新识别... 新题号: 第52题
2025-07-07 10:48:36,966 - INFO - 组合 ['C', 'A', 'B'] 错误，继续...
2025-07-07 10:48:36,966 - INFO - 尝试多选组合: ['D', 'A', 'B']
2025-07-07 10:48:36,967 - INFO - 执行点击: 区域坐标=(145, 1340), 屏幕绝对坐标=(2626, 1340)
2025-07-07 10:48:37,904 - INFO - 执行点击: 区域坐标=(145, 1473), 屏幕绝对坐标=(2626, 1473)
2025-07-07 10:48:38,837 - INFO - 执行点击: 区域坐标=(445, 1605), 屏幕绝对坐标=(2926, 1605)
2025-07-07 10:48:38,946 - INFO - 采用[固定延时]策略，等待 1 秒...
2025-07-07 10:48:41,532 - INFO - 延时结束，重新识别... 新题号: 第53题
2025-07-07 10:48:41,532 - INFO - 
==================== 新一轮检测循环 ====================
2025-07-07 10:48:43,209 - INFO - 检测到新题目: 第53题 (上一题: 第52题)
2025-07-07 10:48:43,693 - INFO - 在当前页面找到[提交按钮]，区域坐标: (445, 1814)
2025-07-07 10:48:43,694 - INFO - 已对题目 第53题 的屏幕状态进行分析。
2025-07-07 10:48:44,243 - INFO - 找到选项 [A] (使用模板: option_A_1.png)，区域坐标: (141, 1206)
2025-07-07 10:48:44,844 - INFO - 找到选项 [B] (使用模板: option_B_2.png)，区域坐标: (144, 1379)
2025-07-07 10:48:45,440 - INFO - 找到选项 [C] (使用模板: option_C_2.png)，区域坐标: (145, 1510)
2025-07-07 10:48:46,028 - INFO - 找到选项 [D] (使用模板: option_D_2.png)，区域坐标: (145, 1643)
2025-07-07 10:48:46,029 - INFO - 开始解答多选题: 第53题
2025-07-07 10:48:46,029 - INFO - --- 开始第 1/3 轮多选题尝试 ---
2025-07-07 10:48:46,029 - INFO - 尝试多选组合: ['A', 'B']
2025-07-07 10:48:46,030 - INFO - 执行点击: 区域坐标=(141, 1206), 屏幕绝对坐标=(2622, 1206)
2025-07-07 10:48:46,960 - INFO - 执行点击: 区域坐标=(144, 1379), 屏幕绝对坐标=(2625, 1379)
2025-07-07 10:48:47,882 - INFO - 执行点击: 区域坐标=(445, 1814), 屏幕绝对坐标=(2926, 1814)
2025-07-07 10:48:48,005 - INFO - 采用[固定延时]策略，等待 1 秒...
2025-07-07 10:48:50,447 - INFO - 延时结束，重新识别... 新题号: 第53题
2025-07-07 10:48:50,448 - INFO - 组合 ['A', 'B'] 错误，继续...
2025-07-07 10:48:50,448 - INFO - 尝试多选组合: ['C', 'A']
2025-07-07 10:48:50,448 - INFO - 执行点击: 区域坐标=(144, 1379), 屏幕绝对坐标=(2625, 1379)
2025-07-07 10:48:51,390 - INFO - 执行点击: 区域坐标=(145, 1510), 屏幕绝对坐标=(2626, 1510)
2025-07-07 10:48:52,310 - INFO - 执行点击: 区域坐标=(445, 1814), 屏幕绝对坐标=(2926, 1814)
2025-07-07 10:48:52,434 - INFO - 采用[固定延时]策略，等待 1 秒...
2025-07-07 10:48:54,862 - INFO - 延时结束，重新识别... 新题号: 第53题
2025-07-07 10:48:54,862 - INFO - 组合 ['C', 'A'] 错误，继续...
2025-07-07 10:48:54,862 - INFO - 尝试多选组合: ['D', 'A']
2025-07-07 10:48:54,863 - INFO - 执行点击: 区域坐标=(145, 1510), 屏幕绝对坐标=(2626, 1510)
2025-07-07 10:48:55,807 - INFO - 执行点击: 区域坐标=(145, 1643), 屏幕绝对坐标=(2626, 1643)
2025-07-07 10:48:56,742 - INFO - 执行点击: 区域坐标=(445, 1814), 屏幕绝对坐标=(2926, 1814)
2025-07-07 10:48:56,867 - INFO - 采用[固定延时]策略，等待 1 秒...
2025-07-07 10:48:59,523 - INFO - 延时结束，重新识别... 新题号: 第54题
2025-07-07 10:48:59,523 - INFO - 
==================== 新一轮检测循环 ====================
2025-07-07 10:49:01,171 - INFO - 检测到新题目: 第54题 (上一题: 第53题)
2025-07-07 10:49:01,632 - INFO - 在当前页面找到[提交按钮]，区域坐标: (445, 1732)
2025-07-07 10:49:01,632 - INFO - 已对题目 第54题 的屏幕状态进行分析。
2025-07-07 10:49:02,156 - INFO - 找到选项 [A] (使用模板: option_A_1.png)，区域坐标: (146, 1166)
2025-07-07 10:49:02,788 - INFO - 找到选项 [B] (使用模板: option_B_2.png)，区域坐标: (144, 1297)
2025-07-07 10:49:03,317 - INFO - 找到选项 [C] (使用模板: option_C_2.png)，区域坐标: (145, 1428)
2025-07-07 10:49:03,850 - INFO - 找到选项 [D] (使用模板: option_D_2.png)，区域坐标: (145, 1561)
2025-07-07 10:49:03,850 - INFO - 开始解答多选题: 第54题
2025-07-07 10:49:03,851 - INFO - --- 开始第 1/3 轮多选题尝试 ---
2025-07-07 10:49:03,851 - INFO - 尝试多选组合: ['A', 'B']
2025-07-07 10:49:03,851 - INFO - 执行点击: 区域坐标=(146, 1166), 屏幕绝对坐标=(2627, 1166)
2025-07-07 10:49:04,780 - INFO - 执行点击: 区域坐标=(144, 1297), 屏幕绝对坐标=(2625, 1297)
2025-07-07 10:49:05,714 - INFO - 执行点击: 区域坐标=(445, 1732), 屏幕绝对坐标=(2926, 1732)
2025-07-07 10:49:05,839 - INFO - 采用[固定延时]策略，等待 1 秒...
2025-07-07 10:49:08,723 - INFO - 延时结束，重新识别... 新题号: 第54题
2025-07-07 10:49:08,723 - INFO - 组合 ['A', 'B'] 错误，继续...
2025-07-07 10:49:08,723 - INFO - 尝试多选组合: ['C', 'A']
2025-07-07 10:49:08,723 - INFO - 执行点击: 区域坐标=(144, 1297), 屏幕绝对坐标=(2625, 1297)
2025-07-07 10:49:09,660 - INFO - 执行点击: 区域坐标=(145, 1428), 屏幕绝对坐标=(2626, 1428)
2025-07-07 10:49:10,595 - INFO - 执行点击: 区域坐标=(445, 1732), 屏幕绝对坐标=(2926, 1732)
2025-07-07 10:49:10,718 - INFO - 采用[固定延时]策略，等待 1 秒...
2025-07-07 10:49:13,331 - INFO - 延时结束，重新识别... 新题号: 第54题
2025-07-07 10:49:13,331 - INFO - 组合 ['C', 'A'] 错误，继续...
2025-07-07 10:49:13,331 - INFO - 尝试多选组合: ['D', 'A']
2025-07-07 10:49:13,331 - INFO - 执行点击: 区域坐标=(145, 1428), 屏幕绝对坐标=(2626, 1428)
2025-07-07 10:49:14,265 - INFO - 执行点击: 区域坐标=(145, 1561), 屏幕绝对坐标=(2626, 1561)
2025-07-07 10:49:15,198 - INFO - 执行点击: 区域坐标=(445, 1732), 屏幕绝对坐标=(2926, 1732)
2025-07-07 10:49:15,323 - INFO - 采用[固定延时]策略，等待 1 秒...
2025-07-07 10:49:17,865 - INFO - 延时结束，重新识别... 新题号: 第54题
2025-07-07 10:49:17,865 - INFO - 组合 ['D', 'A'] 错误，继续...
2025-07-07 10:49:17,866 - INFO - 尝试多选组合: ['C', 'B']
2025-07-07 10:49:17,866 - INFO - 执行点击: 区域坐标=(145, 1561), 屏幕绝对坐标=(2626, 1561)
2025-07-07 10:49:18,796 - INFO - 执行点击: 区域坐标=(146, 1166), 屏幕绝对坐标=(2627, 1166)
2025-07-07 10:49:19,732 - INFO - 执行点击: 区域坐标=(145, 1428), 屏幕绝对坐标=(2626, 1428)
2025-07-07 10:49:20,665 - INFO - 执行点击: 区域坐标=(144, 1297), 屏幕绝对坐标=(2625, 1297)
2025-07-07 10:49:21,600 - INFO - 执行点击: 区域坐标=(445, 1732), 屏幕绝对坐标=(2926, 1732)
2025-07-07 10:49:21,710 - INFO - 采用[固定延时]策略，等待 1 秒...
2025-07-07 10:49:24,326 - INFO - 延时结束，重新识别... 新题号: 第54题
2025-07-07 10:49:24,326 - INFO - 组合 ['C', 'B'] 错误，继续...
2025-07-07 10:49:24,327 - INFO - 尝试多选组合: ['D', 'B']
2025-07-07 10:49:24,327 - INFO - 执行点击: 区域坐标=(145, 1428), 屏幕绝对坐标=(2626, 1428)
2025-07-07 10:49:25,260 - INFO - 执行点击: 区域坐标=(145, 1561), 屏幕绝对坐标=(2626, 1561)
2025-07-07 10:49:26,195 - INFO - 执行点击: 区域坐标=(445, 1732), 屏幕绝对坐标=(2926, 1732)
2025-07-07 10:49:26,303 - INFO - 采用[固定延时]策略，等待 1 秒...
2025-07-07 10:49:28,803 - INFO - 延时结束，重新识别... 新题号: 第55题
2025-07-07 10:49:28,803 - INFO - 
==================== 新一轮检测循环 ====================
2025-07-07 10:49:30,555 - INFO - 检测到新题目: 第55题 (上一题: 第54题)
2025-07-07 10:49:31,034 - INFO - 在当前页面找到[提交按钮]，区域坐标: (445, 1694)
2025-07-07 10:49:31,035 - INFO - 已对题目 第55题 的屏幕状态进行分析。
2025-07-07 10:49:31,723 - INFO - 找到选项 [A] (使用模板: option_A_2.png)，区域坐标: (147, 1167)
2025-07-07 10:49:32,162 - INFO - 找到选项 [B] (使用模板: option_B_2.png)，区域坐标: (144, 1297)
2025-07-07 10:49:32,625 - INFO - 找到选项 [C] (使用模板: option_C_2.png)，区域坐标: (145, 1428)
2025-07-07 10:49:33,094 - INFO - 找到选项 [D] (使用模板: option_D_2.png)，区域坐标: (145, 1561)
2025-07-07 10:49:33,095 - INFO - 开始解答单选题: 第55题
2025-07-07 10:49:33,095 - INFO - --- 开始第 1/2 轮单选题尝试 ---
2025-07-07 10:49:33,095 - INFO - 尝试单选项 [A]...
2025-07-07 10:49:33,096 - INFO - 执行点击: 区域坐标=(147, 1167), 屏幕绝对坐标=(2628, 1167)
2025-07-07 10:49:34,039 - INFO - 执行点击: 区域坐标=(445, 1694), 屏幕绝对坐标=(2926, 1694)
2025-07-07 10:49:34,164 - INFO - 采用[固定延时]策略，等待 1 秒...
2025-07-07 10:49:36,643 - INFO - 延时结束，重新识别... 新题号: 第55题
2025-07-07 10:49:36,644 - INFO - 选项 [A] 错误或未生效，继续...
2025-07-07 10:49:36,644 - INFO - 尝试单选项 [B]...
2025-07-07 10:49:36,644 - INFO - 执行点击: 区域坐标=(144, 1297), 屏幕绝对坐标=(2625, 1297)
2025-07-07 10:49:37,583 - INFO - 执行点击: 区域坐标=(445, 1694), 屏幕绝对坐标=(2926, 1694)
2025-07-07 10:49:37,708 - INFO - 采用[固定延时]策略，等待 1 秒...
2025-07-07 10:49:40,527 - INFO - 延时结束，重新识别... 新题号: 第56题
2025-07-07 10:49:40,528 - INFO - 
==================== 新一轮检测循环 ====================
2025-07-07 10:49:42,069 - INFO - 检测到新题目: 第56题 (上一题: 第55题)
2025-07-07 10:49:42,619 - INFO - 在当前页面找到[提交按钮]，区域坐标: (445, 1818)
2025-07-07 10:49:42,619 - INFO - 已对题目 第56题 的屏幕状态进行分析。
2025-07-07 10:49:43,388 - INFO - 找到选项 [A] (使用模板: option_A_2.png)，区域坐标: (147, 1253)
2025-07-07 10:49:43,988 - INFO - 找到选项 [B] (使用模板: option_B_2.png)，区域坐标: (144, 1422)
2025-07-07 10:49:44,581 - INFO - 找到选项 [C] (使用模板: option_C_2.png)，区域坐标: (145, 1552)
2025-07-07 10:49:45,185 - INFO - 找到选项 [D] (使用模板: option_D_2.png)，区域坐标: (145, 1685)
2025-07-07 10:49:45,185 - INFO - 开始解答多选题: 第56题
2025-07-07 10:49:45,186 - INFO - --- 开始第 1/3 轮多选题尝试 ---
2025-07-07 10:49:45,186 - INFO - 尝试多选组合: ['A', 'B']
2025-07-07 10:49:45,186 - INFO - 执行点击: 区域坐标=(147, 1253), 屏幕绝对坐标=(2628, 1253)
2025-07-07 10:49:46,110 - INFO - 执行点击: 区域坐标=(144, 1422), 屏幕绝对坐标=(2625, 1422)
2025-07-07 10:49:47,045 - INFO - 执行点击: 区域坐标=(445, 1818), 屏幕绝对坐标=(2926, 1818)
2025-07-07 10:49:47,172 - INFO - 采用[固定延时]策略，等待 1 秒...
2025-07-07 10:49:50,048 - INFO - 延时结束，重新识别... 新题号: 第56题
2025-07-07 10:49:50,048 - INFO - 组合 ['A', 'B'] 错误，继续...
2025-07-07 10:49:50,048 - INFO - 尝试多选组合: ['C', 'A']
2025-07-07 10:49:50,049 - INFO - 执行点击: 区域坐标=(144, 1422), 屏幕绝对坐标=(2625, 1422)
2025-07-07 10:49:50,970 - INFO - 执行点击: 区域坐标=(145, 1552), 屏幕绝对坐标=(2626, 1552)
2025-07-07 10:49:51,901 - INFO - 执行点击: 区域坐标=(445, 1818), 屏幕绝对坐标=(2926, 1818)
2025-07-07 10:49:52,025 - INFO - 采用[固定延时]策略，等待 1 秒...
2025-07-07 10:49:54,652 - INFO - 延时结束，重新识别... 新题号: 第56题
2025-07-07 10:49:54,652 - INFO - 组合 ['C', 'A'] 错误，继续...
2025-07-07 10:49:54,653 - INFO - 尝试多选组合: ['D', 'A']
2025-07-07 10:49:54,653 - INFO - 执行点击: 区域坐标=(145, 1552), 屏幕绝对坐标=(2626, 1552)
2025-07-07 10:49:55,583 - INFO - 执行点击: 区域坐标=(145, 1685), 屏幕绝对坐标=(2626, 1685)
2025-07-07 10:49:56,515 - INFO - 执行点击: 区域坐标=(445, 1818), 屏幕绝对坐标=(2926, 1818)
2025-07-07 10:49:56,641 - INFO - 采用[固定延时]策略，等待 1 秒...
2025-07-07 10:49:59,071 - INFO - 延时结束，重新识别... 新题号: 第57题
2025-07-07 10:49:59,071 - INFO - 
==================== 新一轮检测循环 ====================
2025-07-07 10:50:00,396 - INFO - 检测到新题目: 第57题 (上一题: 第56题)
2025-07-07 10:50:00,879 - INFO - 在当前页面找到[提交按钮]，区域坐标: (445, 1779)
2025-07-07 10:50:00,879 - INFO - 已对题目 第57题 的屏幕状态进行分析。
2025-07-07 10:50:01,560 - INFO - 找到选项 [A] (使用模板: option_A_2.png)，区域坐标: (147, 1252)
2025-07-07 10:50:02,087 - INFO - 找到选项 [B] (使用模板: option_B_2.png)，区域坐标: (144, 1382)
2025-07-07 10:50:02,594 - INFO - 找到选项 [C] (使用模板: option_C_2.png)，区域坐标: (145, 1513)
2025-07-07 10:50:03,037 - INFO - 找到选项 [D] (使用模板: option_D_2.png)，区域坐标: (145, 1646)
2025-07-07 10:50:03,038 - INFO - 开始解答多选题: 第57题
2025-07-07 10:50:03,038 - INFO - --- 开始第 1/3 轮多选题尝试 ---
2025-07-07 10:50:03,038 - INFO - 尝试多选组合: ['A', 'B']
2025-07-07 10:50:03,038 - INFO - 执行点击: 区域坐标=(147, 1252), 屏幕绝对坐标=(2628, 1252)
2025-07-07 10:50:03,979 - INFO - 执行点击: 区域坐标=(144, 1382), 屏幕绝对坐标=(2625, 1382)
2025-07-07 10:50:04,918 - INFO - 执行点击: 区域坐标=(445, 1779), 屏幕绝对坐标=(2926, 1779)
2025-07-07 10:50:05,043 - INFO - 采用[固定延时]策略，等待 1 秒...
2025-07-07 10:50:07,406 - INFO - 延时结束，重新识别... 新题号: 第58题
2025-07-07 10:50:07,406 - INFO - 
==================== 新一轮检测循环 ====================
2025-07-07 10:50:08,993 - INFO - 检测到新题目: 第58题 (上一题: 第57题)
2025-07-07 10:50:09,402 - INFO - 在当前页面找到[提交按钮]，区域坐标: (445, 1736)
2025-07-07 10:50:09,403 - INFO - 已对题目 第58题 的屏幕状态进行分析。
2025-07-07 10:50:09,876 - INFO - 找到选项 [A] (使用模板: option_A_1.png)，区域坐标: (145, 1208)
2025-07-07 10:50:10,380 - INFO - 找到选项 [B] (使用模板: option_B_2.png)，区域坐标: (144, 1340)
2025-07-07 10:50:10,890 - INFO - 找到选项 [C] (使用模板: option_C_2.png)，区域坐标: (145, 1471)
2025-07-07 10:50:11,352 - INFO - 找到选项 [D] (使用模板: option_D_2.png)，区域坐标: (145, 1603)
2025-07-07 10:50:11,352 - INFO - 开始解答单选题: 第58题
2025-07-07 10:50:11,353 - INFO - --- 开始第 1/2 轮单选题尝试 ---
2025-07-07 10:50:11,353 - INFO - 尝试单选项 [A]...
2025-07-07 10:50:11,353 - INFO - 执行点击: 区域坐标=(145, 1208), 屏幕绝对坐标=(2626, 1208)
2025-07-07 10:50:12,289 - INFO - 执行点击: 区域坐标=(445, 1736), 屏幕绝对坐标=(2926, 1736)
2025-07-07 10:50:12,400 - INFO - 采用[固定延时]策略，等待 1 秒...
2025-07-07 10:50:14,843 - INFO - 延时结束，重新识别... 新题号: 第58题
2025-07-07 10:50:14,844 - INFO - 选项 [A] 错误或未生效，继续...
2025-07-07 10:50:14,844 - INFO - 尝试单选项 [B]...
2025-07-07 10:50:14,844 - INFO - 执行点击: 区域坐标=(144, 1340), 屏幕绝对坐标=(2625, 1340)
2025-07-07 10:50:15,777 - INFO - 执行点击: 区域坐标=(445, 1736), 屏幕绝对坐标=(2926, 1736)
2025-07-07 10:50:15,901 - INFO - 采用[固定延时]策略，等待 1 秒...
2025-07-07 10:50:18,125 - INFO - 延时结束，重新识别... 新题号: 第58题
2025-07-07 10:50:18,126 - INFO - 选项 [B] 错误或未生效，继续...
2025-07-07 10:50:18,126 - INFO - 尝试单选项 [C]...
2025-07-07 10:50:18,126 - INFO - 执行点击: 区域坐标=(145, 1471), 屏幕绝对坐标=(2626, 1471)
2025-07-07 10:50:19,052 - INFO - 执行点击: 区域坐标=(445, 1736), 屏幕绝对坐标=(2926, 1736)
2025-07-07 10:50:19,178 - INFO - 采用[固定延时]策略，等待 1 秒...
2025-07-07 10:50:21,568 - INFO - 延时结束，重新识别... 新题号: 第59题
2025-07-07 10:50:21,569 - INFO - 
==================== 新一轮检测循环 ====================
2025-07-07 10:50:23,089 - INFO - 检测到新题目: 第59题 (上一题: 第58题)
2025-07-07 10:50:23,515 - INFO - 在当前页面找到[提交按钮]，区域坐标: (445, 1690)
2025-07-07 10:50:23,516 - INFO - 已对题目 第59题 的屏幕状态进行分析。
2025-07-07 10:50:24,044 - INFO - 找到选项 [A] (使用模板: option_A_1.png)，区域坐标: (141, 1121)
2025-07-07 10:50:24,620 - INFO - 找到选项 [B] (使用模板: option_B_2.png)，区域坐标: (144, 1294)
2025-07-07 10:50:25,128 - INFO - 找到选项 [C] (使用模板: option_C_2.png)，区域坐标: (145, 1425)
2025-07-07 10:50:25,613 - INFO - 找到选项 [D] (使用模板: option_D_2.png)，区域坐标: (145, 1558)
2025-07-07 10:50:25,614 - INFO - 开始解答多选题: 第59题
2025-07-07 10:50:25,614 - INFO - --- 开始第 1/3 轮多选题尝试 ---
2025-07-07 10:50:25,614 - INFO - 尝试多选组合: ['A', 'B']
2025-07-07 10:50:25,614 - INFO - 执行点击: 区域坐标=(141, 1121), 屏幕绝对坐标=(2622, 1121)
2025-07-07 10:50:26,553 - INFO - 执行点击: 区域坐标=(144, 1294), 屏幕绝对坐标=(2625, 1294)
2025-07-07 10:50:27,471 - INFO - 执行点击: 区域坐标=(445, 1690), 屏幕绝对坐标=(2926, 1690)
2025-07-07 10:50:27,597 - INFO - 采用[固定延时]策略，等待 1 秒...
2025-07-07 10:50:30,111 - INFO - 延时结束，重新识别... 新题号: 第59题
2025-07-07 10:50:30,111 - INFO - 组合 ['A', 'B'] 错误，继续...
2025-07-07 10:50:30,111 - INFO - 尝试多选组合: ['C', 'A']
2025-07-07 10:50:30,111 - INFO - 执行点击: 区域坐标=(144, 1294), 屏幕绝对坐标=(2625, 1294)
2025-07-07 10:50:31,047 - INFO - 执行点击: 区域坐标=(145, 1425), 屏幕绝对坐标=(2626, 1425)
2025-07-07 10:50:31,967 - INFO - 执行点击: 区域坐标=(445, 1690), 屏幕绝对坐标=(2926, 1690)
2025-07-07 10:50:32,091 - INFO - 采用[固定延时]策略，等待 1 秒...
2025-07-07 10:50:34,456 - INFO - 延时结束，重新识别... 新题号: 第59题
2025-07-07 10:50:34,456 - INFO - 组合 ['C', 'A'] 错误，继续...
2025-07-07 10:50:34,456 - INFO - 尝试多选组合: ['D', 'A']
2025-07-07 10:50:34,456 - INFO - 执行点击: 区域坐标=(145, 1425), 屏幕绝对坐标=(2626, 1425)
2025-07-07 10:50:35,390 - INFO - 执行点击: 区域坐标=(145, 1558), 屏幕绝对坐标=(2626, 1558)
2025-07-07 10:50:36,301 - INFO - 执行点击: 区域坐标=(445, 1690), 屏幕绝对坐标=(2926, 1690)
2025-07-07 10:50:36,427 - INFO - 采用[固定延时]策略，等待 1 秒...
2025-07-07 10:50:38,733 - INFO - 延时结束，重新识别... 新题号: 第59题
2025-07-07 10:50:38,733 - INFO - 组合 ['D', 'A'] 错误，继续...
2025-07-07 10:50:38,733 - INFO - 尝试多选组合: ['C', 'B']
2025-07-07 10:50:38,733 - INFO - 执行点击: 区域坐标=(145, 1558), 屏幕绝对坐标=(2626, 1558)
2025-07-07 10:50:39,665 - INFO - 执行点击: 区域坐标=(141, 1121), 屏幕绝对坐标=(2622, 1121)
2025-07-07 10:50:40,601 - INFO - 执行点击: 区域坐标=(145, 1425), 屏幕绝对坐标=(2626, 1425)
2025-07-07 10:50:41,538 - INFO - 执行点击: 区域坐标=(144, 1294), 屏幕绝对坐标=(2625, 1294)
2025-07-07 10:50:42,475 - INFO - 执行点击: 区域坐标=(445, 1690), 屏幕绝对坐标=(2926, 1690)
2025-07-07 10:50:42,599 - INFO - 采用[固定延时]策略，等待 1 秒...
2025-07-07 10:50:45,099 - INFO - 延时结束，重新识别... 新题号: 第59题
2025-07-07 10:50:45,099 - INFO - 组合 ['C', 'B'] 错误，继续...
2025-07-07 10:50:45,099 - INFO - 尝试多选组合: ['D', 'B']
2025-07-07 10:50:45,100 - INFO - 执行点击: 区域坐标=(145, 1425), 屏幕绝对坐标=(2626, 1425)
2025-07-07 10:50:46,041 - INFO - 执行点击: 区域坐标=(145, 1558), 屏幕绝对坐标=(2626, 1558)
2025-07-07 10:50:46,973 - INFO - 执行点击: 区域坐标=(445, 1690), 屏幕绝对坐标=(2926, 1690)
2025-07-07 10:50:47,100 - INFO - 采用[固定延时]策略，等待 1 秒...
2025-07-07 10:50:49,363 - INFO - 延时结束，重新识别... 新题号: 第59题
2025-07-07 10:50:49,363 - INFO - 组合 ['D', 'B'] 错误，继续...
2025-07-07 10:50:49,363 - INFO - 尝试多选组合: ['C', 'D']
2025-07-07 10:50:49,364 - INFO - 执行点击: 区域坐标=(144, 1294), 屏幕绝对坐标=(2625, 1294)
2025-07-07 10:50:50,299 - INFO - 执行点击: 区域坐标=(145, 1425), 屏幕绝对坐标=(2626, 1425)
2025-07-07 10:50:51,231 - INFO - 执行点击: 区域坐标=(445, 1690), 屏幕绝对坐标=(2926, 1690)
2025-07-07 10:50:51,356 - INFO - 采用[固定延时]策略，等待 1 秒...
2025-07-07 10:50:53,715 - INFO - 延时结束，重新识别... 新题号: 第59题
2025-07-07 10:50:53,715 - INFO - 组合 ['C', 'D'] 错误，继续...
2025-07-07 10:50:53,716 - INFO - 尝试多选组合: ['C', 'A', 'B']
2025-07-07 10:50:53,716 - INFO - 执行点击: 区域坐标=(145, 1558), 屏幕绝对坐标=(2626, 1558)
2025-07-07 10:50:54,647 - INFO - 执行点击: 区域坐标=(141, 1121), 屏幕绝对坐标=(2622, 1121)
2025-07-07 10:50:55,583 - INFO - 执行点击: 区域坐标=(144, 1294), 屏幕绝对坐标=(2625, 1294)
2025-07-07 10:50:56,504 - INFO - 执行点击: 区域坐标=(445, 1690), 屏幕绝对坐标=(2926, 1690)
2025-07-07 10:50:56,628 - INFO - 采用[固定延时]策略，等待 1 秒...
2025-07-07 10:50:58,998 - INFO - 延时结束，重新识别... 新题号: 第59题
2025-07-07 10:50:58,999 - INFO - 组合 ['C', 'A', 'B'] 错误，继续...
2025-07-07 10:50:58,999 - INFO - 尝试多选组合: ['D', 'A', 'B']
2025-07-07 10:50:58,999 - INFO - 执行点击: 区域坐标=(145, 1425), 屏幕绝对坐标=(2626, 1425)
2025-07-07 10:50:59,944 - INFO - 执行点击: 区域坐标=(145, 1558), 屏幕绝对坐标=(2626, 1558)
2025-07-07 10:51:00,866 - INFO - 执行点击: 区域坐标=(445, 1690), 屏幕绝对坐标=(2926, 1690)
2025-07-07 10:51:00,989 - INFO - 采用[固定延时]策略，等待 1 秒...
2025-07-07 10:51:03,329 - INFO - 延时结束，重新识别... 新题号: 第59题
2025-07-07 10:51:03,330 - INFO - 组合 ['D', 'A', 'B'] 错误，继续...
2025-07-07 10:51:03,330 - INFO - 尝试多选组合: ['C', 'D', 'A']
2025-07-07 10:51:03,330 - INFO - 执行点击: 区域坐标=(144, 1294), 屏幕绝对坐标=(2625, 1294)
2025-07-07 10:51:04,270 - INFO - 执行点击: 区域坐标=(145, 1425), 屏幕绝对坐标=(2626, 1425)
2025-07-07 10:51:05,194 - INFO - 执行点击: 区域坐标=(445, 1690), 屏幕绝对坐标=(2926, 1690)
2025-07-07 10:51:05,318 - INFO - 采用[固定延时]策略，等待 1 秒...
2025-07-07 10:51:07,788 - INFO - 延时结束，重新识别... 新题号: 第60题
2025-07-07 10:51:07,788 - INFO - 
==================== 新一轮检测循环 ====================
2025-07-07 10:51:09,154 - INFO - 检测到新题目: 第60题 (上一题: 第59题)
2025-07-07 10:51:09,704 - INFO - 在当前页面找到[提交按钮]，区域坐标: (445, 1736)
2025-07-07 10:51:09,705 - INFO - 已对题目 第60题 的屏幕状态进行分析。
2025-07-07 10:51:10,202 - INFO - 找到选项 [A] (使用模板: option_A_1.png)，区域坐标: (145, 1208)
2025-07-07 10:51:10,691 - INFO - 找到选项 [B] (使用模板: option_B_2.png)，区域坐标: (144, 1340)
2025-07-07 10:51:11,161 - INFO - 找到选项 [C] (使用模板: option_C_2.png)，区域坐标: (145, 1471)
2025-07-07 10:51:11,633 - INFO - 找到选项 [D] (使用模板: option_D_2.png)，区域坐标: (145, 1603)
2025-07-07 10:51:11,633 - INFO - 开始解答单选题: 第60题
2025-07-07 10:51:11,634 - INFO - --- 开始第 1/2 轮单选题尝试 ---
2025-07-07 10:51:11,634 - INFO - 尝试单选项 [A]...
2025-07-07 10:51:11,634 - INFO - 执行点击: 区域坐标=(145, 1208), 屏幕绝对坐标=(2626, 1208)
2025-07-07 10:51:12,575 - INFO - 执行点击: 区域坐标=(445, 1736), 屏幕绝对坐标=(2926, 1736)
2025-07-07 10:51:12,699 - INFO - 采用[固定延时]策略，等待 1 秒...
2025-07-07 10:51:14,949 - INFO - 延时结束，重新识别... 新题号: 第60题
2025-07-07 10:51:14,950 - INFO - 选项 [A] 错误或未生效，继续...
2025-07-07 10:51:14,950 - INFO - 尝试单选项 [B]...
2025-07-07 10:51:14,950 - INFO - 执行点击: 区域坐标=(144, 1340), 屏幕绝对坐标=(2625, 1340)
2025-07-07 10:51:15,886 - INFO - 执行点击: 区域坐标=(445, 1736), 屏幕绝对坐标=(2926, 1736)
2025-07-07 10:51:16,010 - INFO - 采用[固定延时]策略，等待 1 秒...
2025-07-07 10:51:18,017 - INFO - 延时结束，重新识别... 新题号: 第60题
2025-07-07 10:51:18,017 - INFO - 选项 [B] 错误或未生效，继续...
2025-07-07 10:51:18,017 - INFO - 尝试单选项 [C]...
2025-07-07 10:51:18,018 - INFO - 执行点击: 区域坐标=(145, 1471), 屏幕绝对坐标=(2626, 1471)
2025-07-07 10:51:18,950 - INFO - 执行点击: 区域坐标=(445, 1736), 屏幕绝对坐标=(2926, 1736)
2025-07-07 10:51:19,074 - INFO - 采用[固定延时]策略，等待 1 秒...
2025-07-07 10:51:20,970 - INFO - 延时结束，重新识别... 新题号: 第61题
2025-07-07 10:51:20,970 - INFO - 
==================== 新一轮检测循环 ====================
2025-07-07 10:51:21,908 - INFO - 检测到新题目: 第61题 (上一题: 第60题)
2025-07-07 10:51:22,386 - INFO - 在当前页面找到[提交按钮]，区域坐标: (445, 1750)
2025-07-07 10:51:22,387 - INFO - 已对题目 第61题 的屏幕状态进行分析。
2025-07-07 10:51:22,974 - INFO - 找到选项 [A] (使用模板: option_A_2.png)，区域坐标: (147, 1223)
2025-07-07 10:51:23,483 - INFO - 找到选项 [B] (使用模板: option_B_2.png)，区域坐标: (144, 1354)
2025-07-07 10:51:23,910 - INFO - 找到选项 [C] (使用模板: option_C_2.png)，区域坐标: (145, 1484)
2025-07-07 10:51:24,360 - INFO - 找到选项 [D] (使用模板: option_D_2.png)，区域坐标: (145, 1617)
2025-07-07 10:51:24,361 - INFO - 开始解答多选题: 第61题
2025-07-07 10:51:24,361 - INFO - --- 开始第 1/3 轮多选题尝试 ---
2025-07-07 10:51:24,362 - INFO - 尝试多选组合: ['A', 'B']
2025-07-07 10:51:24,362 - INFO - 执行点击: 区域坐标=(147, 1223), 屏幕绝对坐标=(2628, 1223)
2025-07-07 10:51:25,288 - INFO - 执行点击: 区域坐标=(144, 1354), 屏幕绝对坐标=(2625, 1354)
2025-07-07 10:51:26,223 - INFO - 执行点击: 区域坐标=(445, 1750), 屏幕绝对坐标=(2926, 1750)
2025-07-07 10:51:26,345 - INFO - 采用[固定延时]策略，等待 1 秒...
2025-07-07 10:51:28,116 - INFO - 延时结束，重新识别... 新题号: 第61题
2025-07-07 10:51:28,116 - INFO - 组合 ['A', 'B'] 错误，继续...
2025-07-07 10:51:28,116 - INFO - 尝试多选组合: ['C', 'A']
2025-07-07 10:51:28,117 - INFO - 执行点击: 区域坐标=(144, 1354), 屏幕绝对坐标=(2625, 1354)
2025-07-07 10:51:29,053 - INFO - 执行点击: 区域坐标=(145, 1484), 屏幕绝对坐标=(2626, 1484)
2025-07-07 10:51:29,993 - INFO - 执行点击: 区域坐标=(445, 1750), 屏幕绝对坐标=(2926, 1750)
2025-07-07 10:51:30,132 - INFO - 采用[固定延时]策略，等待 1 秒...
2025-07-07 10:51:32,031 - INFO - 延时结束，重新识别... 新题号: 第61题
2025-07-07 10:51:32,032 - INFO - 组合 ['C', 'A'] 错误，继续...
2025-07-07 10:51:32,032 - INFO - 尝试多选组合: ['D', 'A']
2025-07-07 10:51:32,032 - INFO - 执行点击: 区域坐标=(145, 1484), 屏幕绝对坐标=(2626, 1484)
2025-07-07 10:51:32,969 - INFO - 执行点击: 区域坐标=(145, 1617), 屏幕绝对坐标=(2626, 1617)
2025-07-07 10:51:33,905 - INFO - 执行点击: 区域坐标=(445, 1750), 屏幕绝对坐标=(2926, 1750)
2025-07-07 10:51:34,030 - INFO - 采用[固定延时]策略，等待 1 秒...
2025-07-07 10:51:35,821 - INFO - 延时结束，重新识别... 新题号: 第61题
2025-07-07 10:51:35,821 - INFO - 组合 ['D', 'A'] 错误，继续...
2025-07-07 10:51:35,821 - INFO - 尝试多选组合: ['C', 'B']
2025-07-07 10:51:35,821 - INFO - 执行点击: 区域坐标=(145, 1617), 屏幕绝对坐标=(2626, 1617)
2025-07-07 10:51:36,758 - INFO - 执行点击: 区域坐标=(147, 1223), 屏幕绝对坐标=(2628, 1223)
2025-07-07 10:51:37,692 - INFO - 执行点击: 区域坐标=(145, 1484), 屏幕绝对坐标=(2626, 1484)
2025-07-07 10:51:38,626 - INFO - 执行点击: 区域坐标=(144, 1354), 屏幕绝对坐标=(2625, 1354)
2025-07-07 10:51:39,562 - INFO - 执行点击: 区域坐标=(445, 1750), 屏幕绝对坐标=(2926, 1750)
2025-07-07 10:51:39,672 - INFO - 采用[固定延时]策略，等待 1 秒...
2025-07-07 10:51:41,449 - INFO - 延时结束，重新识别... 新题号: 第61题
2025-07-07 10:51:41,449 - INFO - 组合 ['C', 'B'] 错误，继续...
2025-07-07 10:51:41,449 - INFO - 尝试多选组合: ['D', 'B']
2025-07-07 10:51:41,450 - INFO - 执行点击: 区域坐标=(145, 1484), 屏幕绝对坐标=(2626, 1484)
2025-07-07 10:51:42,380 - INFO - 执行点击: 区域坐标=(145, 1617), 屏幕绝对坐标=(2626, 1617)
2025-07-07 10:51:43,317 - INFO - 执行点击: 区域坐标=(445, 1750), 屏幕绝对坐标=(2926, 1750)
2025-07-07 10:51:43,443 - INFO - 采用[固定延时]策略，等待 1 秒...
2025-07-07 10:51:45,212 - INFO - 延时结束，重新识别... 新题号: 第62题
2025-07-07 10:51:45,212 - INFO - 
==================== 新一轮检测循环 ====================
2025-07-07 10:51:46,021 - INFO - 检测到新题目: 第62题 (上一题: 第61题)
2025-07-07 10:51:46,513 - INFO - 在当前页面找到[提交按钮]，区域坐标: (445, 1750)
2025-07-07 10:51:46,514 - INFO - 已对题目 第62题 的屏幕状态进行分析。
2025-07-07 10:51:47,126 - INFO - 找到选项 [A] (使用模板: option_A_2.png)，区域坐标: (147, 1223)
2025-07-07 10:51:47,634 - INFO - 找到选项 [B] (使用模板: option_B_2.png)，区域坐标: (144, 1354)
2025-07-07 10:51:48,052 - INFO - 找到选项 [C] (使用模板: option_C_2.png)，区域坐标: (145, 1484)
2025-07-07 10:51:48,525 - INFO - 找到选项 [D] (使用模板: option_D_2.png)，区域坐标: (145, 1617)
2025-07-07 10:51:48,525 - INFO - 开始解答多选题: 第62题
2025-07-07 10:51:48,525 - INFO - --- 开始第 1/3 轮多选题尝试 ---
2025-07-07 10:51:48,526 - INFO - 尝试多选组合: ['A', 'B']
2025-07-07 10:51:48,526 - INFO - 执行点击: 区域坐标=(147, 1223), 屏幕绝对坐标=(2628, 1223)
2025-07-07 10:51:49,461 - INFO - 执行点击: 区域坐标=(144, 1354), 屏幕绝对坐标=(2625, 1354)
2025-07-07 10:51:50,396 - INFO - 执行点击: 区域坐标=(445, 1750), 屏幕绝对坐标=(2926, 1750)
2025-07-07 10:51:50,519 - INFO - 采用[固定延时]策略，等待 1 秒...
2025-07-07 10:51:52,283 - INFO - 延时结束，重新识别... 新题号: 第62题
2025-07-07 10:51:52,283 - INFO - 组合 ['A', 'B'] 错误，继续...
2025-07-07 10:51:52,284 - INFO - 尝试多选组合: ['C', 'A']
2025-07-07 10:51:52,284 - INFO - 执行点击: 区域坐标=(144, 1354), 屏幕绝对坐标=(2625, 1354)
2025-07-07 10:51:53,227 - INFO - 执行点击: 区域坐标=(145, 1484), 屏幕绝对坐标=(2626, 1484)
2025-07-07 10:51:54,162 - INFO - 执行点击: 区域坐标=(445, 1750), 屏幕绝对坐标=(2926, 1750)
2025-07-07 10:51:54,273 - INFO - 采用[固定延时]策略，等待 1 秒...
2025-07-07 10:51:56,055 - INFO - 延时结束，重新识别... 新题号: 第62题
2025-07-07 10:51:56,055 - INFO - 组合 ['C', 'A'] 错误，继续...
2025-07-07 10:51:56,055 - INFO - 尝试多选组合: ['D', 'A']
2025-07-07 10:51:56,056 - INFO - 执行点击: 区域坐标=(145, 1484), 屏幕绝对坐标=(2626, 1484)
2025-07-07 10:51:56,988 - INFO - 执行点击: 区域坐标=(145, 1617), 屏幕绝对坐标=(2626, 1617)
2025-07-07 10:51:57,908 - INFO - 执行点击: 区域坐标=(445, 1750), 屏幕绝对坐标=(2926, 1750)
2025-07-07 10:51:58,017 - INFO - 采用[固定延时]策略，等待 1 秒...
2025-07-07 10:51:59,708 - INFO - 延时结束，重新识别... 新题号: 第62题
2025-07-07 10:51:59,708 - INFO - 组合 ['D', 'A'] 错误，继续...
2025-07-07 10:51:59,708 - INFO - 尝试多选组合: ['C', 'B']
2025-07-07 10:51:59,708 - INFO - 执行点击: 区域坐标=(145, 1617), 屏幕绝对坐标=(2626, 1617)
2025-07-07 10:52:00,643 - INFO - 执行点击: 区域坐标=(147, 1223), 屏幕绝对坐标=(2628, 1223)
2025-07-07 10:52:01,579 - INFO - 执行点击: 区域坐标=(145, 1484), 屏幕绝对坐标=(2626, 1484)
2025-07-07 10:52:02,515 - INFO - 执行点击: 区域坐标=(144, 1354), 屏幕绝对坐标=(2625, 1354)
2025-07-07 10:52:03,448 - INFO - 执行点击: 区域坐标=(445, 1750), 屏幕绝对坐标=(2926, 1750)
2025-07-07 10:52:03,572 - INFO - 采用[固定延时]策略，等待 1 秒...
2025-07-07 10:52:05,283 - INFO - 延时结束，重新识别... 新题号: 第62题
2025-07-07 10:52:05,283 - INFO - 组合 ['C', 'B'] 错误，继续...
2025-07-07 10:52:05,283 - INFO - 尝试多选组合: ['D', 'B']
2025-07-07 10:52:05,284 - INFO - 执行点击: 区域坐标=(145, 1484), 屏幕绝对坐标=(2626, 1484)
2025-07-07 10:52:06,227 - INFO - 执行点击: 区域坐标=(145, 1617), 屏幕绝对坐标=(2626, 1617)
2025-07-07 10:52:07,160 - INFO - 执行点击: 区域坐标=(445, 1750), 屏幕绝对坐标=(2926, 1750)
2025-07-07 10:52:07,284 - INFO - 采用[固定延时]策略，等待 1 秒...
2025-07-07 10:52:09,019 - INFO - 延时结束，重新识别... 新题号: 第62题
2025-07-07 10:52:09,019 - INFO - 组合 ['D', 'B'] 错误，继续...
2025-07-07 10:52:09,019 - INFO - 尝试多选组合: ['C', 'D']
2025-07-07 10:52:09,019 - INFO - 执行点击: 区域坐标=(144, 1354), 屏幕绝对坐标=(2625, 1354)
2025-07-07 10:52:09,945 - INFO - 执行点击: 区域坐标=(145, 1484), 屏幕绝对坐标=(2626, 1484)
2025-07-07 10:52:10,882 - INFO - 执行点击: 区域坐标=(445, 1750), 屏幕绝对坐标=(2926, 1750)
2025-07-07 10:52:11,008 - INFO - 采用[固定延时]策略，等待 1 秒...
2025-07-07 10:52:12,815 - INFO - 延时结束，重新识别... 新题号: 第62题
2025-07-07 10:52:12,816 - INFO - 组合 ['C', 'D'] 错误，继续...
2025-07-07 10:52:12,816 - INFO - 尝试多选组合: ['C', 'A', 'B']
2025-07-07 10:52:12,816 - INFO - 执行点击: 区域坐标=(145, 1617), 屏幕绝对坐标=(2626, 1617)
2025-07-07 10:52:13,755 - INFO - 执行点击: 区域坐标=(147, 1223), 屏幕绝对坐标=(2628, 1223)
2025-07-07 10:52:14,690 - INFO - 执行点击: 区域坐标=(144, 1354), 屏幕绝对坐标=(2625, 1354)
2025-07-07 10:52:15,627 - INFO - 执行点击: 区域坐标=(445, 1750), 屏幕绝对坐标=(2926, 1750)
2025-07-07 10:52:15,754 - INFO - 采用[固定延时]策略，等待 1 秒...
2025-07-07 10:52:17,448 - INFO - 延时结束，重新识别... 新题号: 第62题
2025-07-07 10:52:17,449 - INFO - 组合 ['C', 'A', 'B'] 错误，继续...
2025-07-07 10:52:17,449 - INFO - 尝试多选组合: ['D', 'A', 'B']
2025-07-07 10:52:17,449 - INFO - 执行点击: 区域坐标=(145, 1484), 屏幕绝对坐标=(2626, 1484)
2025-07-07 10:52:18,370 - INFO - 执行点击: 区域坐标=(145, 1617), 屏幕绝对坐标=(2626, 1617)
2025-07-07 10:52:19,307 - INFO - 执行点击: 区域坐标=(445, 1750), 屏幕绝对坐标=(2926, 1750)
2025-07-07 10:52:19,433 - INFO - 采用[固定延时]策略，等待 1 秒...
2025-07-07 10:52:21,164 - INFO - 延时结束，重新识别... 新题号: 第62题
2025-07-07 10:52:21,164 - INFO - 组合 ['D', 'A', 'B'] 错误，继续...
2025-07-07 10:52:21,164 - INFO - 尝试多选组合: ['C', 'D', 'A']
2025-07-07 10:52:21,164 - INFO - 执行点击: 区域坐标=(144, 1354), 屏幕绝对坐标=(2625, 1354)
2025-07-07 10:52:22,101 - INFO - 执行点击: 区域坐标=(145, 1484), 屏幕绝对坐标=(2626, 1484)
2025-07-07 10:52:23,037 - INFO - 执行点击: 区域坐标=(445, 1750), 屏幕绝对坐标=(2926, 1750)
2025-07-07 10:52:23,162 - INFO - 采用[固定延时]策略，等待 1 秒...
2025-07-07 10:52:24,899 - INFO - 延时结束，重新识别... 新题号: 第62题
2025-07-07 10:52:24,901 - INFO - 组合 ['C', 'D', 'A'] 错误，继续...
2025-07-07 10:52:24,901 - INFO - 尝试多选组合: ['C', 'D', 'B']
2025-07-07 10:52:24,901 - INFO - 执行点击: 区域坐标=(147, 1223), 屏幕绝对坐标=(2628, 1223)
2025-07-07 10:52:25,829 - INFO - 执行点击: 区域坐标=(144, 1354), 屏幕绝对坐标=(2625, 1354)
2025-07-07 10:52:26,760 - INFO - 执行点击: 区域坐标=(445, 1750), 屏幕绝对坐标=(2926, 1750)
2025-07-07 10:52:26,887 - INFO - 采用[固定延时]策略，等待 1 秒...
2025-07-07 10:52:28,680 - INFO - 延时结束，重新识别... 新题号: 第62题
2025-07-07 10:52:28,681 - INFO - 组合 ['C', 'D', 'B'] 错误，继续...
2025-07-07 10:52:28,681 - INFO - 尝试多选组合: ['C', 'D', 'A', 'B']
2025-07-07 10:52:28,681 - INFO - 执行点击: 区域坐标=(147, 1223), 屏幕绝对坐标=(2628, 1223)
2025-07-07 10:52:29,616 - INFO - 执行点击: 区域坐标=(445, 1750), 屏幕绝对坐标=(2926, 1750)
2025-07-07 10:52:29,725 - INFO - 采用[固定延时]策略，等待 1 秒...
2025-07-07 10:52:31,528 - INFO - 延时结束，重新识别... 新题号: 第63题
2025-07-07 10:52:31,528 - INFO - 
==================== 新一轮检测循环 ====================
2025-07-07 10:52:32,332 - INFO - 检测到新题目: 第63题 (上一题: 第62题)
2025-07-07 10:52:32,847 - INFO - 在当前页面找到[提交按钮]，区域坐标: (445, 1750)
2025-07-07 10:52:32,848 - INFO - 已对题目 第63题 的屏幕状态进行分析。
2025-07-07 10:52:33,464 - INFO - 找到选项 [A] (使用模板: option_A_2.png)，区域坐标: (147, 1223)
2025-07-07 10:52:33,949 - INFO - 找到选项 [B] (使用模板: option_B_2.png)，区域坐标: (144, 1354)
2025-07-07 10:52:34,366 - INFO - 找到选项 [C] (使用模板: option_C_2.png)，区域坐标: (145, 1484)
2025-07-07 10:52:34,776 - INFO - 找到选项 [D] (使用模板: option_D_2.png)，区域坐标: (145, 1617)
2025-07-07 10:52:34,776 - INFO - 开始解答多选题: 第63题
2025-07-07 10:52:34,777 - INFO - --- 开始第 1/3 轮多选题尝试 ---
2025-07-07 10:52:34,777 - INFO - 尝试多选组合: ['A', 'B']
2025-07-07 10:52:34,777 - INFO - 执行点击: 区域坐标=(147, 1223), 屏幕绝对坐标=(2628, 1223)
2025-07-07 10:52:35,698 - INFO - 执行点击: 区域坐标=(144, 1354), 屏幕绝对坐标=(2625, 1354)
2025-07-07 10:52:36,634 - INFO - 执行点击: 区域坐标=(445, 1750), 屏幕绝对坐标=(2926, 1750)
2025-07-07 10:52:36,758 - INFO - 采用[固定延时]策略，等待 1 秒...
2025-07-07 10:52:38,550 - INFO - 延时结束，重新识别... 新题号: 第63题
2025-07-07 10:52:38,550 - INFO - 组合 ['A', 'B'] 错误，继续...
2025-07-07 10:52:38,550 - INFO - 尝试多选组合: ['C', 'A']
2025-07-07 10:52:38,550 - INFO - 执行点击: 区域坐标=(144, 1354), 屏幕绝对坐标=(2625, 1354)
2025-07-07 10:52:39,485 - INFO - 执行点击: 区域坐标=(145, 1484), 屏幕绝对坐标=(2626, 1484)
2025-07-07 10:52:40,417 - INFO - 执行点击: 区域坐标=(445, 1750), 屏幕绝对坐标=(2926, 1750)
2025-07-07 10:52:40,542 - INFO - 采用[固定延时]策略，等待 1 秒...
2025-07-07 10:52:42,360 - INFO - 延时结束，重新识别... 新题号: 第63题
2025-07-07 10:52:42,361 - INFO - 组合 ['C', 'A'] 错误，继续...
2025-07-07 10:52:42,361 - INFO - 尝试多选组合: ['D', 'A']
2025-07-07 10:52:42,361 - INFO - 执行点击: 区域坐标=(145, 1484), 屏幕绝对坐标=(2626, 1484)
2025-07-07 10:52:43,302 - INFO - 执行点击: 区域坐标=(145, 1617), 屏幕绝对坐标=(2626, 1617)
2025-07-07 10:52:44,254 - INFO - 执行点击: 区域坐标=(445, 1750), 屏幕绝对坐标=(2926, 1750)
2025-07-07 10:52:44,377 - INFO - 采用[固定延时]策略，等待 1 秒...
2025-07-07 10:52:46,173 - INFO - 延时结束，重新识别... 新题号: 第63题
2025-07-07 10:52:46,173 - INFO - 组合 ['D', 'A'] 错误，继续...
2025-07-07 10:52:46,173 - INFO - 尝试多选组合: ['C', 'B']
2025-07-07 10:52:46,173 - INFO - 执行点击: 区域坐标=(145, 1617), 屏幕绝对坐标=(2626, 1617)
2025-07-07 10:52:47,105 - INFO - 执行点击: 区域坐标=(147, 1223), 屏幕绝对坐标=(2628, 1223)
2025-07-07 10:52:48,041 - INFO - 执行点击: 区域坐标=(145, 1484), 屏幕绝对坐标=(2626, 1484)
2025-07-07 10:52:48,969 - INFO - 执行点击: 区域坐标=(144, 1354), 屏幕绝对坐标=(2625, 1354)
2025-07-07 10:52:49,905 - INFO - 执行点击: 区域坐标=(445, 1750), 屏幕绝对坐标=(2926, 1750)
2025-07-07 10:52:50,028 - INFO - 采用[固定延时]策略，等待 1 秒...
2025-07-07 10:52:51,705 - INFO - 延时结束，重新识别... 新题号: 第63题
2025-07-07 10:52:51,705 - INFO - 组合 ['C', 'B'] 错误，继续...
2025-07-07 10:52:51,705 - INFO - 尝试多选组合: ['D', 'B']
2025-07-07 10:52:51,705 - INFO - 执行点击: 区域坐标=(145, 1484), 屏幕绝对坐标=(2626, 1484)
2025-07-07 10:52:52,636 - INFO - 执行点击: 区域坐标=(145, 1617), 屏幕绝对坐标=(2626, 1617)
2025-07-07 10:52:53,554 - INFO - 执行点击: 区域坐标=(445, 1750), 屏幕绝对坐标=(2926, 1750)
2025-07-07 10:52:53,664 - INFO - 采用[固定延时]策略，等待 1 秒...
2025-07-07 10:52:55,559 - INFO - 延时结束，重新识别... 新题号: 第63题
2025-07-07 10:52:55,560 - INFO - 组合 ['D', 'B'] 错误，继续...
2025-07-07 10:52:55,560 - INFO - 尝试多选组合: ['C', 'D']
2025-07-07 10:52:55,560 - INFO - 执行点击: 区域坐标=(144, 1354), 屏幕绝对坐标=(2625, 1354)
2025-07-07 10:52:56,490 - INFO - 执行点击: 区域坐标=(145, 1484), 屏幕绝对坐标=(2626, 1484)
2025-07-07 10:52:57,423 - INFO - 执行点击: 区域坐标=(445, 1750), 屏幕绝对坐标=(2926, 1750)
2025-07-07 10:52:57,549 - INFO - 采用[固定延时]策略，等待 1 秒...
2025-07-07 10:52:59,324 - INFO - 延时结束，重新识别... 新题号: 第63题
2025-07-07 10:52:59,324 - INFO - 组合 ['C', 'D'] 错误，继续...
2025-07-07 10:52:59,324 - INFO - 尝试多选组合: ['C', 'A', 'B']
2025-07-07 10:52:59,325 - INFO - 执行点击: 区域坐标=(145, 1617), 屏幕绝对坐标=(2626, 1617)
2025-07-07 10:53:00,248 - INFO - 执行点击: 区域坐标=(147, 1223), 屏幕绝对坐标=(2628, 1223)
2025-07-07 10:53:01,177 - INFO - 执行点击: 区域坐标=(144, 1354), 屏幕绝对坐标=(2625, 1354)
2025-07-07 10:53:02,099 - INFO - 执行点击: 区域坐标=(445, 1750), 屏幕绝对坐标=(2926, 1750)
2025-07-07 10:53:02,223 - INFO - 采用[固定延时]策略，等待 1 秒...
2025-07-07 10:53:03,920 - INFO - 延时结束，重新识别... 新题号: 第63题
2025-07-07 10:53:03,920 - INFO - 组合 ['C', 'A', 'B'] 错误，继续...
2025-07-07 10:53:03,920 - INFO - 尝试多选组合: ['D', 'A', 'B']
2025-07-07 10:53:03,921 - INFO - 执行点击: 区域坐标=(145, 1484), 屏幕绝对坐标=(2626, 1484)
2025-07-07 10:53:04,843 - INFO - 执行点击: 区域坐标=(145, 1617), 屏幕绝对坐标=(2626, 1617)
2025-07-07 10:53:05,779 - INFO - 执行点击: 区域坐标=(445, 1750), 屏幕绝对坐标=(2926, 1750)
2025-07-07 10:53:05,905 - INFO - 采用[固定延时]策略，等待 1 秒...
2025-07-07 10:53:07,806 - INFO - 延时结束，重新识别... 新题号: 第64题
2025-07-07 10:53:07,808 - INFO - 
==================== 新一轮检测循环 ====================
2025-07-07 10:53:08,721 - INFO - 检测到新题目: 第64题 (上一题: 第63题)
2025-07-07 10:53:09,214 - INFO - 在当前页面找到[提交按钮]，区域坐标: (445, 1750)
2025-07-07 10:53:09,214 - INFO - 已对题目 第64题 的屏幕状态进行分析。
2025-07-07 10:53:09,865 - INFO - 找到选项 [A] (使用模板: option_A_2.png)，区域坐标: (147, 1223)
2025-07-07 10:53:10,335 - INFO - 找到选项 [B] (使用模板: option_B_2.png)，区域坐标: (144, 1354)
2025-07-07 10:53:10,745 - INFO - 找到选项 [C] (使用模板: option_C_2.png)，区域坐标: (145, 1484)
2025-07-07 10:53:11,210 - INFO - 找到选项 [D] (使用模板: option_D_2.png)，区域坐标: (145, 1617)
2025-07-07 10:53:11,210 - INFO - 开始解答多选题: 第64题
2025-07-07 10:53:11,212 - INFO - --- 开始第 1/3 轮多选题尝试 ---
2025-07-07 10:53:11,212 - INFO - 尝试多选组合: ['A', 'B']
2025-07-07 10:53:11,212 - INFO - 执行点击: 区域坐标=(147, 1223), 屏幕绝对坐标=(2628, 1223)
2025-07-07 10:53:12,147 - INFO - 执行点击: 区域坐标=(144, 1354), 屏幕绝对坐标=(2625, 1354)
2025-07-07 10:53:13,066 - INFO - 执行点击: 区域坐标=(445, 1750), 屏幕绝对坐标=(2926, 1750)
2025-07-07 10:53:13,192 - INFO - 采用[固定延时]策略，等待 1 秒...
2025-07-07 10:53:15,020 - INFO - 延时结束，重新识别... 新题号: 第64题
2025-07-07 10:53:15,020 - INFO - 组合 ['A', 'B'] 错误，继续...
2025-07-07 10:53:15,020 - INFO - 尝试多选组合: ['C', 'A']
2025-07-07 10:53:15,020 - INFO - 执行点击: 区域坐标=(144, 1354), 屏幕绝对坐标=(2625, 1354)
2025-07-07 10:53:15,952 - INFO - 执行点击: 区域坐标=(145, 1484), 屏幕绝对坐标=(2626, 1484)
2025-07-07 10:53:16,890 - INFO - 执行点击: 区域坐标=(445, 1750), 屏幕绝对坐标=(2926, 1750)
2025-07-07 10:53:17,014 - INFO - 采用[固定延时]策略，等待 1 秒...
2025-07-07 10:53:18,844 - INFO - 延时结束，重新识别... 新题号: 第64题
2025-07-07 10:53:18,844 - INFO - 组合 ['C', 'A'] 错误，继续...
2025-07-07 10:53:18,844 - INFO - 尝试多选组合: ['D', 'A']
2025-07-07 10:53:18,844 - INFO - 执行点击: 区域坐标=(145, 1484), 屏幕绝对坐标=(2626, 1484)
2025-07-07 10:53:19,788 - INFO - 执行点击: 区域坐标=(145, 1617), 屏幕绝对坐标=(2626, 1617)
2025-07-07 10:53:20,710 - INFO - 执行点击: 区域坐标=(445, 1750), 屏幕绝对坐标=(2926, 1750)
2025-07-07 10:53:20,834 - INFO - 采用[固定延时]策略，等待 1 秒...
2025-07-07 10:53:22,655 - INFO - 延时结束，重新识别... 新题号: 第64题
2025-07-07 10:53:22,655 - INFO - 组合 ['D', 'A'] 错误，继续...
2025-07-07 10:53:22,655 - INFO - 尝试多选组合: ['C', 'B']
2025-07-07 10:53:22,656 - INFO - 执行点击: 区域坐标=(145, 1617), 屏幕绝对坐标=(2626, 1617)
2025-07-07 10:53:23,597 - INFO - 执行点击: 区域坐标=(147, 1223), 屏幕绝对坐标=(2628, 1223)
2025-07-07 10:53:24,532 - INFO - 执行点击: 区域坐标=(145, 1484), 屏幕绝对坐标=(2626, 1484)
2025-07-07 10:53:25,448 - INFO - 执行点击: 区域坐标=(144, 1354), 屏幕绝对坐标=(2625, 1354)
2025-07-07 10:53:26,370 - INFO - 执行点击: 区域坐标=(445, 1750), 屏幕绝对坐标=(2926, 1750)
2025-07-07 10:53:26,495 - INFO - 采用[固定延时]策略，等待 1 秒...
2025-07-07 10:53:28,202 - INFO - 延时结束，重新识别... 新题号: 第64题
2025-07-07 10:53:28,202 - INFO - 组合 ['C', 'B'] 错误，继续...
2025-07-07 10:53:28,202 - INFO - 尝试多选组合: ['D', 'B']
2025-07-07 10:53:28,203 - INFO - 执行点击: 区域坐标=(145, 1484), 屏幕绝对坐标=(2626, 1484)
2025-07-07 10:53:29,133 - INFO - 执行点击: 区域坐标=(145, 1617), 屏幕绝对坐标=(2626, 1617)
2025-07-07 10:53:30,070 - INFO - 执行点击: 区域坐标=(445, 1750), 屏幕绝对坐标=(2926, 1750)
2025-07-07 10:53:30,196 - INFO - 采用[固定延时]策略，等待 1 秒...
2025-07-07 10:53:31,968 - INFO - 延时结束，重新识别... 新题号: 第64题
2025-07-07 10:53:31,968 - INFO - 组合 ['D', 'B'] 错误，继续...
2025-07-07 10:53:31,968 - INFO - 尝试多选组合: ['C', 'D']
2025-07-07 10:53:31,968 - INFO - 执行点击: 区域坐标=(144, 1354), 屏幕绝对坐标=(2625, 1354)
2025-07-07 10:53:32,896 - INFO - 执行点击: 区域坐标=(145, 1484), 屏幕绝对坐标=(2626, 1484)
2025-07-07 10:53:33,835 - INFO - 执行点击: 区域坐标=(445, 1750), 屏幕绝对坐标=(2926, 1750)
2025-07-07 10:53:33,958 - INFO - 采用[固定延时]策略，等待 1 秒...
2025-07-07 10:53:35,859 - INFO - 延时结束，重新识别... 新题号: 第64题
2025-07-07 10:53:35,860 - INFO - 组合 ['C', 'D'] 错误，继续...
2025-07-07 10:53:35,860 - INFO - 尝试多选组合: ['C', 'A', 'B']
2025-07-07 10:53:35,861 - INFO - 执行点击: 区域坐标=(145, 1617), 屏幕绝对坐标=(2626, 1617)
2025-07-07 10:53:36,791 - INFO - 执行点击: 区域坐标=(147, 1223), 屏幕绝对坐标=(2628, 1223)
2025-07-07 10:53:37,723 - INFO - 执行点击: 区域坐标=(144, 1354), 屏幕绝对坐标=(2625, 1354)
2025-07-07 10:53:38,655 - INFO - 执行点击: 区域坐标=(445, 1750), 屏幕绝对坐标=(2926, 1750)
2025-07-07 10:53:38,781 - INFO - 采用[固定延时]策略，等待 1 秒...
2025-07-07 10:53:40,495 - INFO - 延时结束，重新识别... 新题号: 第64题
2025-07-07 10:53:40,495 - INFO - 组合 ['C', 'A', 'B'] 错误，继续...
2025-07-07 10:53:40,495 - INFO - 尝试多选组合: ['D', 'A', 'B']
2025-07-07 10:53:40,495 - INFO - 执行点击: 区域坐标=(145, 1484), 屏幕绝对坐标=(2626, 1484)
2025-07-07 10:53:41,418 - INFO - 执行点击: 区域坐标=(145, 1617), 屏幕绝对坐标=(2626, 1617)
2025-07-07 10:53:42,356 - INFO - 执行点击: 区域坐标=(445, 1750), 屏幕绝对坐标=(2926, 1750)
2025-07-07 10:53:42,481 - INFO - 采用[固定延时]策略，等待 1 秒...
2025-07-07 10:53:44,239 - INFO - 延时结束，重新识别... 新题号: 第64题
2025-07-07 10:53:44,240 - INFO - 组合 ['D', 'A', 'B'] 错误，继续...
2025-07-07 10:53:44,240 - INFO - 尝试多选组合: ['C', 'D', 'A']
2025-07-07 10:53:44,240 - INFO - 执行点击: 区域坐标=(144, 1354), 屏幕绝对坐标=(2625, 1354)
2025-07-07 10:53:45,155 - INFO - 执行点击: 区域坐标=(145, 1484), 屏幕绝对坐标=(2626, 1484)
2025-07-07 10:53:46,085 - INFO - 执行点击: 区域坐标=(445, 1750), 屏幕绝对坐标=(2926, 1750)
2025-07-07 10:53:46,208 - INFO - 采用[固定延时]策略，等待 1 秒...
2025-07-07 10:53:48,088 - INFO - 延时结束，重新识别... 新题号: 第65题
2025-07-07 10:53:48,088 - INFO - 
==================== 新一轮检测循环 ====================
2025-07-07 10:53:49,005 - INFO - 检测到新题目: 第65题 (上一题: 第64题)
2025-07-07 10:53:49,519 - INFO - 在当前页面找到[提交按钮]，区域坐标: (445, 1750)
2025-07-07 10:53:49,519 - INFO - 已对题目 第65题 的屏幕状态进行分析。
2025-07-07 10:53:50,127 - INFO - 找到选项 [A] (使用模板: option_A_2.png)，区域坐标: (147, 1223)
2025-07-07 10:53:50,593 - INFO - 找到选项 [B] (使用模板: option_B_2.png)，区域坐标: (144, 1354)
2025-07-07 10:53:51,020 - INFO - 找到选项 [C] (使用模板: option_C_2.png)，区域坐标: (145, 1484)
2025-07-07 10:53:51,426 - INFO - 找到选项 [D] (使用模板: option_D_2.png)，区域坐标: (145, 1617)
2025-07-07 10:53:51,426 - INFO - 开始解答多选题: 第65题
2025-07-07 10:53:51,427 - INFO - --- 开始第 1/3 轮多选题尝试 ---
2025-07-07 10:53:51,427 - INFO - 尝试多选组合: ['A', 'B']
2025-07-07 10:53:51,427 - INFO - 执行点击: 区域坐标=(147, 1223), 屏幕绝对坐标=(2628, 1223)
2025-07-07 10:53:52,357 - INFO - 执行点击: 区域坐标=(144, 1354), 屏幕绝对坐标=(2625, 1354)
2025-07-07 10:53:53,293 - INFO - 执行点击: 区域坐标=(445, 1750), 屏幕绝对坐标=(2926, 1750)
2025-07-07 10:53:53,403 - INFO - 采用[固定延时]策略，等待 1 秒...
2025-07-07 10:53:55,255 - INFO - 延时结束，重新识别... 新题号: 第65题
2025-07-07 10:53:55,255 - INFO - 组合 ['A', 'B'] 错误，继续...
2025-07-07 10:53:55,255 - INFO - 尝试多选组合: ['C', 'A']
2025-07-07 10:53:55,255 - INFO - 执行点击: 区域坐标=(144, 1354), 屏幕绝对坐标=(2625, 1354)
2025-07-07 10:53:56,178 - INFO - 执行点击: 区域坐标=(145, 1484), 屏幕绝对坐标=(2626, 1484)
2025-07-07 10:53:57,116 - INFO - 执行点击: 区域坐标=(445, 1750), 屏幕绝对坐标=(2926, 1750)
2025-07-07 10:53:57,240 - INFO - 采用[固定延时]策略，等待 1 秒...
2025-07-07 10:53:58,952 - INFO - 延时结束，重新识别... 新题号: 第65题
2025-07-07 10:53:58,952 - INFO - 组合 ['C', 'A'] 错误，继续...
2025-07-07 10:53:58,952 - INFO - 尝试多选组合: ['D', 'A']
2025-07-07 10:53:58,953 - INFO - 执行点击: 区域坐标=(145, 1484), 屏幕绝对坐标=(2626, 1484)
2025-07-07 10:53:59,879 - INFO - 执行点击: 区域坐标=(145, 1617), 屏幕绝对坐标=(2626, 1617)
2025-07-07 10:54:00,813 - INFO - 执行点击: 区域坐标=(445, 1750), 屏幕绝对坐标=(2926, 1750)
2025-07-07 10:54:00,936 - INFO - 采用[固定延时]策略，等待 1 秒...
2025-07-07 10:54:02,675 - INFO - 延时结束，重新识别... 新题号: 第65题
2025-07-07 10:54:02,676 - INFO - 组合 ['D', 'A'] 错误，继续...
2025-07-07 10:54:02,676 - INFO - 尝试多选组合: ['C', 'B']
2025-07-07 10:54:02,676 - INFO - 执行点击: 区域坐标=(145, 1617), 屏幕绝对坐标=(2626, 1617)
2025-07-07 10:54:03,615 - INFO - 执行点击: 区域坐标=(147, 1223), 屏幕绝对坐标=(2628, 1223)
2025-07-07 10:54:04,551 - INFO - 执行点击: 区域坐标=(145, 1484), 屏幕绝对坐标=(2626, 1484)
2025-07-07 10:54:05,504 - INFO - 执行点击: 区域坐标=(144, 1354), 屏幕绝对坐标=(2625, 1354)
2025-07-07 10:54:06,439 - INFO - 执行点击: 区域坐标=(445, 1750), 屏幕绝对坐标=(2926, 1750)
2025-07-07 10:54:06,563 - INFO - 采用[固定延时]策略，等待 1 秒...
2025-07-07 10:54:08,247 - INFO - 延时结束，重新识别... 新题号: 第65题
2025-07-07 10:54:08,247 - INFO - 组合 ['C', 'B'] 错误，继续...
2025-07-07 10:54:08,247 - INFO - 尝试多选组合: ['D', 'B']
2025-07-07 10:54:08,247 - INFO - 执行点击: 区域坐标=(145, 1484), 屏幕绝对坐标=(2626, 1484)
2025-07-07 10:54:09,183 - INFO - 执行点击: 区域坐标=(145, 1617), 屏幕绝对坐标=(2626, 1617)
2025-07-07 10:54:10,111 - INFO - 执行点击: 区域坐标=(445, 1750), 屏幕绝对坐标=(2926, 1750)
2025-07-07 10:54:10,235 - INFO - 采用[固定延时]策略，等待 1 秒...
2025-07-07 10:54:11,987 - INFO - 延时结束，重新识别... 新题号: 第65题
2025-07-07 10:54:11,988 - INFO - 组合 ['D', 'B'] 错误，继续...
2025-07-07 10:54:11,988 - INFO - 尝试多选组合: ['C', 'D']
2025-07-07 10:54:11,988 - INFO - 执行点击: 区域坐标=(144, 1354), 屏幕绝对坐标=(2625, 1354)
2025-07-07 10:54:12,925 - INFO - 执行点击: 区域坐标=(145, 1484), 屏幕绝对坐标=(2626, 1484)
2025-07-07 10:54:13,862 - INFO - 执行点击: 区域坐标=(445, 1750), 屏幕绝对坐标=(2926, 1750)
2025-07-07 10:54:13,986 - INFO - 采用[固定延时]策略，等待 1 秒...
2025-07-07 10:54:15,886 - INFO - 延时结束，重新识别... 新题号: 第66题
2025-07-07 10:54:15,886 - INFO - 
==================== 新一轮检测循环 ====================
2025-07-07 10:54:16,860 - INFO - 检测到新题目: 第66题 (上一题: 第65题)
2025-07-07 10:54:17,364 - INFO - 在当前页面找到[提交按钮]，区域坐标: (445, 1750)
2025-07-07 10:54:17,364 - INFO - 已对题目 第66题 的屏幕状态进行分析。
2025-07-07 10:54:17,981 - INFO - 找到选项 [A] (使用模板: option_A_2.png)，区域坐标: (147, 1223)
2025-07-07 10:54:18,443 - INFO - 找到选项 [B] (使用模板: option_B_2.png)，区域坐标: (144, 1354)
2025-07-07 10:54:18,898 - INFO - 找到选项 [C] (使用模板: option_C_2.png)，区域坐标: (145, 1484)
2025-07-07 10:54:19,345 - INFO - 找到选项 [D] (使用模板: option_D_2.png)，区域坐标: (145, 1617)
2025-07-07 10:54:19,345 - INFO - 开始解答多选题: 第66题
2025-07-07 10:54:19,345 - INFO - --- 开始第 1/3 轮多选题尝试 ---
2025-07-07 10:54:19,346 - INFO - 尝试多选组合: ['A', 'B']
2025-07-07 10:54:19,346 - INFO - 执行点击: 区域坐标=(147, 1223), 屏幕绝对坐标=(2628, 1223)
2025-07-07 10:54:20,263 - INFO - 执行点击: 区域坐标=(144, 1354), 屏幕绝对坐标=(2625, 1354)
2025-07-07 10:54:21,179 - INFO - 执行点击: 区域坐标=(445, 1750), 屏幕绝对坐标=(2926, 1750)
2025-07-07 10:54:21,289 - INFO - 采用[固定延时]策略，等待 1 秒...
2025-07-07 10:54:23,182 - INFO - 延时结束，重新识别... 新题号: 第66题
2025-07-07 10:54:23,182 - INFO - 组合 ['A', 'B'] 错误，继续...
2025-07-07 10:54:23,182 - INFO - 尝试多选组合: ['C', 'A']
2025-07-07 10:54:23,183 - INFO - 执行点击: 区域坐标=(144, 1354), 屏幕绝对坐标=(2625, 1354)
2025-07-07 10:54:24,125 - INFO - 执行点击: 区域坐标=(145, 1484), 屏幕绝对坐标=(2626, 1484)
2025-07-07 10:54:25,058 - INFO - 执行点击: 区域坐标=(445, 1750), 屏幕绝对坐标=(2926, 1750)
2025-07-07 10:54:25,168 - INFO - 采用[固定延时]策略，等待 1 秒...
2025-07-07 10:54:27,016 - INFO - 延时结束，重新识别... 新题号: 第66题
2025-07-07 10:54:27,017 - INFO - 组合 ['C', 'A'] 错误，继续...
2025-07-07 10:54:27,017 - INFO - 尝试多选组合: ['D', 'A']
2025-07-07 10:54:27,017 - INFO - 执行点击: 区域坐标=(145, 1484), 屏幕绝对坐标=(2626, 1484)
2025-07-07 10:54:27,951 - INFO - 执行点击: 区域坐标=(145, 1617), 屏幕绝对坐标=(2626, 1617)
2025-07-07 10:54:28,869 - INFO - 执行点击: 区域坐标=(445, 1750), 屏幕绝对坐标=(2926, 1750)
2025-07-07 10:54:28,979 - INFO - 采用[固定延时]策略，等待 1 秒...
2025-07-07 10:54:30,686 - INFO - 延时结束，重新识别... 新题号: 第66题
2025-07-07 10:54:30,687 - INFO - 组合 ['D', 'A'] 错误，继续...
2025-07-07 10:54:30,687 - INFO - 尝试多选组合: ['C', 'B']
2025-07-07 10:54:30,687 - INFO - 执行点击: 区域坐标=(145, 1617), 屏幕绝对坐标=(2626, 1617)
2025-07-07 10:54:31,633 - INFO - 执行点击: 区域坐标=(147, 1223), 屏幕绝对坐标=(2628, 1223)
2025-07-07 10:54:32,555 - INFO - 执行点击: 区域坐标=(145, 1484), 屏幕绝对坐标=(2626, 1484)
2025-07-07 10:54:33,493 - INFO - 执行点击: 区域坐标=(144, 1354), 屏幕绝对坐标=(2625, 1354)
2025-07-07 10:54:34,427 - INFO - 执行点击: 区域坐标=(445, 1750), 屏幕绝对坐标=(2926, 1750)
2025-07-07 10:54:34,551 - INFO - 采用[固定延时]策略，等待 1 秒...
2025-07-07 10:54:36,394 - INFO - 延时结束，重新识别... 新题号: 第66题
2025-07-07 10:54:36,394 - INFO - 组合 ['C', 'B'] 错误，继续...
2025-07-07 10:54:36,395 - INFO - 尝试多选组合: ['D', 'B']
2025-07-07 10:54:36,395 - INFO - 执行点击: 区域坐标=(145, 1484), 屏幕绝对坐标=(2626, 1484)
2025-07-07 10:54:37,344 - INFO - 执行点击: 区域坐标=(145, 1617), 屏幕绝对坐标=(2626, 1617)
2025-07-07 10:54:38,278 - INFO - 执行点击: 区域坐标=(445, 1750), 屏幕绝对坐标=(2926, 1750)
2025-07-07 10:54:38,401 - INFO - 采用[固定延时]策略，等待 1 秒...
2025-07-07 10:54:40,354 - INFO - 延时结束，重新识别... 新题号: 第67题
2025-07-07 10:54:40,354 - INFO - 
==================== 新一轮检测循环 ====================
2025-07-07 10:54:41,292 - INFO - 检测到新题目: 第67题 (上一题: 第66题)
2025-07-07 10:54:41,756 - INFO - 在当前页面找到[提交按钮]，区域坐标: (445, 1750)
2025-07-07 10:54:41,757 - INFO - 已对题目 第67题 的屏幕状态进行分析。
2025-07-07 10:54:42,406 - INFO - 找到选项 [A] (使用模板: option_A_2.png)，区域坐标: (147, 1223)
2025-07-07 10:54:42,851 - INFO - 找到选项 [B] (使用模板: option_B_2.png)，区域坐标: (144, 1354)
2025-07-07 10:54:43,345 - INFO - 找到选项 [C] (使用模板: option_C_2.png)，区域坐标: (145, 1484)
2025-07-07 10:54:43,759 - INFO - 找到选项 [D] (使用模板: option_D_2.png)，区域坐标: (145, 1617)
2025-07-07 10:54:43,760 - INFO - 开始解答多选题: 第67题
2025-07-07 10:54:43,760 - INFO - --- 开始第 1/3 轮多选题尝试 ---
2025-07-07 10:54:43,760 - INFO - 尝试多选组合: ['A', 'B']
2025-07-07 10:54:43,761 - INFO - 执行点击: 区域坐标=(147, 1223), 屏幕绝对坐标=(2628, 1223)
2025-07-07 10:54:44,700 - INFO - 执行点击: 区域坐标=(144, 1354), 屏幕绝对坐标=(2625, 1354)
2025-07-07 10:54:45,621 - INFO - 执行点击: 区域坐标=(445, 1750), 屏幕绝对坐标=(2926, 1750)
2025-07-07 10:54:45,745 - INFO - 采用[固定延时]策略，等待 1 秒...
2025-07-07 10:54:47,596 - INFO - 延时结束，重新识别... 新题号: 第67题
2025-07-07 10:54:47,597 - INFO - 组合 ['A', 'B'] 错误，继续...
2025-07-07 10:54:47,597 - INFO - 尝试多选组合: ['C', 'A']
2025-07-07 10:54:47,597 - INFO - 执行点击: 区域坐标=(144, 1354), 屏幕绝对坐标=(2625, 1354)
2025-07-07 10:54:48,525 - INFO - 执行点击: 区域坐标=(145, 1484), 屏幕绝对坐标=(2626, 1484)
2025-07-07 10:54:49,459 - INFO - 执行点击: 区域坐标=(445, 1750), 屏幕绝对坐标=(2926, 1750)
2025-07-07 10:54:49,568 - INFO - 采用[固定延时]策略，等待 1 秒...
2025-07-07 10:54:51,398 - INFO - 延时结束，重新识别... 新题号: 第67题
2025-07-07 10:54:51,398 - INFO - 组合 ['C', 'A'] 错误，继续...
2025-07-07 10:54:51,399 - INFO - 尝试多选组合: ['D', 'A']
2025-07-07 10:54:51,399 - INFO - 执行点击: 区域坐标=(145, 1484), 屏幕绝对坐标=(2626, 1484)
2025-07-07 10:54:52,336 - INFO - 执行点击: 区域坐标=(145, 1617), 屏幕绝对坐标=(2626, 1617)
2025-07-07 10:54:53,272 - INFO - 执行点击: 区域坐标=(445, 1750), 屏幕绝对坐标=(2926, 1750)
2025-07-07 10:54:53,381 - INFO - 采用[固定延时]策略，等待 1 秒...
2025-07-07 10:54:55,214 - INFO - 延时结束，重新识别... 新题号: 第67题
2025-07-07 10:54:55,215 - INFO - 组合 ['D', 'A'] 错误，继续...
2025-07-07 10:54:55,215 - INFO - 尝试多选组合: ['C', 'B']
2025-07-07 10:54:55,215 - INFO - 执行点击: 区域坐标=(145, 1617), 屏幕绝对坐标=(2626, 1617)
2025-07-07 10:54:56,139 - INFO - 执行点击: 区域坐标=(147, 1223), 屏幕绝对坐标=(2628, 1223)
2025-07-07 10:54:57,072 - INFO - 执行点击: 区域坐标=(145, 1484), 屏幕绝对坐标=(2626, 1484)
2025-07-07 10:54:58,022 - INFO - 执行点击: 区域坐标=(144, 1354), 屏幕绝对坐标=(2625, 1354)
2025-07-07 10:54:58,955 - INFO - 执行点击: 区域坐标=(445, 1750), 屏幕绝对坐标=(2926, 1750)
2025-07-07 10:54:59,081 - INFO - 采用[固定延时]策略，等待 1 秒...
2025-07-07 10:55:00,882 - INFO - 延时结束，重新识别... 新题号: 第67题
2025-07-07 10:55:00,883 - INFO - 组合 ['C', 'B'] 错误，继续...
2025-07-07 10:55:00,883 - INFO - 尝试多选组合: ['D', 'B']
2025-07-07 10:55:00,883 - INFO - 执行点击: 区域坐标=(145, 1484), 屏幕绝对坐标=(2626, 1484)
2025-07-07 10:55:01,821 - INFO - 执行点击: 区域坐标=(145, 1617), 屏幕绝对坐标=(2626, 1617)
2025-07-07 10:55:02,757 - INFO - 执行点击: 区域坐标=(445, 1750), 屏幕绝对坐标=(2926, 1750)
2025-07-07 10:55:02,882 - INFO - 采用[固定延时]策略，等待 1 秒...
2025-07-07 10:55:04,704 - INFO - 延时结束，重新识别... 新题号: 第67题
2025-07-07 10:55:04,705 - INFO - 组合 ['D', 'B'] 错误，继续...
2025-07-07 10:55:04,705 - INFO - 尝试多选组合: ['C', 'D']
2025-07-07 10:55:04,705 - INFO - 执行点击: 区域坐标=(144, 1354), 屏幕绝对坐标=(2625, 1354)
2025-07-07 10:55:05,628 - INFO - 执行点击: 区域坐标=(145, 1484), 屏幕绝对坐标=(2626, 1484)
2025-07-07 10:55:06,565 - INFO - 执行点击: 区域坐标=(445, 1750), 屏幕绝对坐标=(2926, 1750)
2025-07-07 10:55:06,691 - INFO - 采用[固定延时]策略，等待 1 秒...
2025-07-07 10:55:08,436 - INFO - 延时结束，重新识别... 新题号: 第67题
2025-07-07 10:55:08,437 - INFO - 组合 ['C', 'D'] 错误，继续...
2025-07-07 10:55:08,437 - INFO - 尝试多选组合: ['C', 'A', 'B']
2025-07-07 10:55:08,437 - INFO - 执行点击: 区域坐标=(145, 1617), 屏幕绝对坐标=(2626, 1617)
2025-07-07 10:55:09,359 - INFO - 执行点击: 区域坐标=(147, 1223), 屏幕绝对坐标=(2628, 1223)
2025-07-07 10:55:10,292 - INFO - 执行点击: 区域坐标=(144, 1354), 屏幕绝对坐标=(2625, 1354)
2025-07-07 10:55:11,226 - INFO - 执行点击: 区域坐标=(445, 1750), 屏幕绝对坐标=(2926, 1750)
2025-07-07 10:55:11,353 - INFO - 采用[固定延时]策略，等待 1 秒...
2025-07-07 10:55:13,094 - INFO - 延时结束，重新识别... 新题号: 第67题
2025-07-07 10:55:13,094 - INFO - 组合 ['C', 'A', 'B'] 错误，继续...
2025-07-07 10:55:13,095 - INFO - 尝试多选组合: ['D', 'A', 'B']
2025-07-07 10:55:13,095 - INFO - 执行点击: 区域坐标=(145, 1484), 屏幕绝对坐标=(2626, 1484)
2025-07-07 10:55:14,024 - INFO - 执行点击: 区域坐标=(145, 1617), 屏幕绝对坐标=(2626, 1617)
2025-07-07 10:55:14,960 - INFO - 执行点击: 区域坐标=(445, 1750), 屏幕绝对坐标=(2926, 1750)
2025-07-07 10:55:15,098 - INFO - 采用[固定延时]策略，等待 1 秒...
2025-07-07 10:55:16,931 - INFO - 延时结束，重新识别... 新题号: 第67题
2025-07-07 10:55:16,931 - INFO - 组合 ['D', 'A', 'B'] 错误，继续...
2025-07-07 10:55:16,932 - INFO - 尝试多选组合: ['C', 'D', 'A']
2025-07-07 10:55:16,932 - INFO - 执行点击: 区域坐标=(144, 1354), 屏幕绝对坐标=(2625, 1354)
2025-07-07 10:55:17,876 - INFO - 执行点击: 区域坐标=(145, 1484), 屏幕绝对坐标=(2626, 1484)
2025-07-07 10:55:18,789 - INFO - 执行点击: 区域坐标=(445, 1750), 屏幕绝对坐标=(2926, 1750)
2025-07-07 10:55:18,898 - INFO - 采用[固定延时]策略，等待 1 秒...
2025-07-07 10:55:20,641 - INFO - 延时结束，重新识别... 新题号: 第67题
2025-07-07 10:55:20,642 - INFO - 组合 ['C', 'D', 'A'] 错误，继续...
2025-07-07 10:55:20,642 - INFO - 尝试多选组合: ['C', 'D', 'B']
2025-07-07 10:55:20,642 - INFO - 执行点击: 区域坐标=(147, 1223), 屏幕绝对坐标=(2628, 1223)
2025-07-07 10:55:21,575 - INFO - 执行点击: 区域坐标=(144, 1354), 屏幕绝对坐标=(2625, 1354)
2025-07-07 10:55:22,511 - INFO - 执行点击: 区域坐标=(445, 1750), 屏幕绝对坐标=(2926, 1750)
2025-07-07 10:55:22,637 - INFO - 采用[固定延时]策略，等待 1 秒...
2025-07-07 10:55:24,352 - INFO - 延时结束，重新识别... 新题号: 第67题
2025-07-07 10:55:24,352 - INFO - 组合 ['C', 'D', 'B'] 错误，继续...
2025-07-07 10:55:24,352 - INFO - 尝试多选组合: ['C', 'D', 'A', 'B']
2025-07-07 10:55:24,352 - INFO - 执行点击: 区域坐标=(147, 1223), 屏幕绝对坐标=(2628, 1223)
2025-07-07 10:55:25,290 - INFO - 执行点击: 区域坐标=(445, 1750), 屏幕绝对坐标=(2926, 1750)
2025-07-07 10:55:25,415 - INFO - 采用[固定延时]策略，等待 1 秒...
2025-07-07 10:55:27,293 - INFO - 延时结束，重新识别... 新题号: 第68题
2025-07-07 10:55:27,293 - INFO - 
==================== 新一轮检测循环 ====================
2025-07-07 10:55:28,138 - INFO - 检测到新题目: 第68题 (上一题: 第67题)
2025-07-07 10:55:28,745 - INFO - 在当前页面找到[提交按钮]，区域坐标: (445, 1750)
2025-07-07 10:55:28,746 - INFO - 已对题目 第68题 的屏幕状态进行分析。
2025-07-07 10:55:29,352 - INFO - 找到选项 [A] (使用模板: option_A_2.png)，区域坐标: (147, 1223)
2025-07-07 10:55:29,842 - INFO - 找到选项 [B] (使用模板: option_B_2.png)，区域坐标: (144, 1354)
2025-07-07 10:55:30,274 - INFO - 找到选项 [C] (使用模板: option_C_2.png)，区域坐标: (145, 1484)
2025-07-07 10:55:30,762 - INFO - 找到选项 [D] (使用模板: option_D_2.png)，区域坐标: (145, 1617)
2025-07-07 10:55:30,763 - INFO - 开始解答多选题: 第68题
2025-07-07 10:55:30,763 - INFO - --- 开始第 1/3 轮多选题尝试 ---
2025-07-07 10:55:30,763 - INFO - 尝试多选组合: ['A', 'B']
2025-07-07 10:55:30,763 - INFO - 执行点击: 区域坐标=(147, 1223), 屏幕绝对坐标=(2628, 1223)
2025-07-07 10:55:31,706 - INFO - 执行点击: 区域坐标=(144, 1354), 屏幕绝对坐标=(2625, 1354)
2025-07-07 10:55:32,626 - INFO - 执行点击: 区域坐标=(445, 1750), 屏幕绝对坐标=(2926, 1750)
2025-07-07 10:55:32,751 - INFO - 采用[固定延时]策略，等待 1 秒...
2025-07-07 10:55:34,449 - INFO - 延时结束，重新识别... 新题号: 第68题
2025-07-07 10:55:34,449 - INFO - 组合 ['A', 'B'] 错误，继续...
2025-07-07 10:55:34,449 - INFO - 尝试多选组合: ['C', 'A']
2025-07-07 10:55:34,449 - INFO - 执行点击: 区域坐标=(144, 1354), 屏幕绝对坐标=(2625, 1354)
2025-07-07 10:55:35,381 - INFO - 执行点击: 区域坐标=(145, 1484), 屏幕绝对坐标=(2626, 1484)
2025-07-07 10:55:36,317 - INFO - 执行点击: 区域坐标=(445, 1750), 屏幕绝对坐标=(2926, 1750)
2025-07-07 10:55:36,426 - INFO - 采用[固定延时]策略，等待 1 秒...
2025-07-07 10:55:38,162 - INFO - 延时结束，重新识别... 新题号: 第68题
2025-07-07 10:55:38,162 - INFO - 组合 ['C', 'A'] 错误，继续...
2025-07-07 10:55:38,162 - INFO - 尝试多选组合: ['D', 'A']
2025-07-07 10:55:38,162 - INFO - 执行点击: 区域坐标=(145, 1484), 屏幕绝对坐标=(2626, 1484)
2025-07-07 10:55:39,095 - INFO - 执行点击: 区域坐标=(145, 1617), 屏幕绝对坐标=(2626, 1617)
2025-07-07 10:55:40,029 - INFO - 执行点击: 区域坐标=(445, 1750), 屏幕绝对坐标=(2926, 1750)
2025-07-07 10:55:40,139 - INFO - 采用[固定延时]策略，等待 1 秒...
2025-07-07 10:55:41,910 - INFO - 延时结束，重新识别... 新题号: 第68题
2025-07-07 10:55:41,911 - INFO - 组合 ['D', 'A'] 错误，继续...
2025-07-07 10:55:41,911 - INFO - 尝试多选组合: ['C', 'B']
2025-07-07 10:55:41,911 - INFO - 执行点击: 区域坐标=(145, 1617), 屏幕绝对坐标=(2626, 1617)
2025-07-07 10:55:42,839 - INFO - 执行点击: 区域坐标=(147, 1223), 屏幕绝对坐标=(2628, 1223)
2025-07-07 10:55:43,770 - INFO - 执行点击: 区域坐标=(145, 1484), 屏幕绝对坐标=(2626, 1484)
2025-07-07 10:55:44,703 - INFO - 执行点击: 区域坐标=(144, 1354), 屏幕绝对坐标=(2625, 1354)
2025-07-07 10:55:45,640 - INFO - 执行点击: 区域坐标=(445, 1750), 屏幕绝对坐标=(2926, 1750)
2025-07-07 10:55:45,765 - INFO - 采用[固定延时]策略，等待 1 秒...
2025-07-07 10:55:47,460 - INFO - 延时结束，重新识别... 新题号: 第68题
2025-07-07 10:55:47,460 - INFO - 组合 ['C', 'B'] 错误，继续...
2025-07-07 10:55:47,460 - INFO - 尝试多选组合: ['D', 'B']
2025-07-07 10:55:47,461 - INFO - 执行点击: 区域坐标=(145, 1484), 屏幕绝对坐标=(2626, 1484)
2025-07-07 10:55:48,402 - INFO - 执行点击: 区域坐标=(145, 1617), 屏幕绝对坐标=(2626, 1617)
2025-07-07 10:55:49,337 - INFO - 执行点击: 区域坐标=(445, 1750), 屏幕绝对坐标=(2926, 1750)
2025-07-07 10:55:49,461 - INFO - 采用[固定延时]策略，等待 1 秒...
2025-07-07 10:55:51,145 - INFO - 延时结束，重新识别... 新题号: 第68题
2025-07-07 10:55:51,146 - INFO - 组合 ['D', 'B'] 错误，继续...
2025-07-07 10:55:51,146 - INFO - 尝试多选组合: ['C', 'D']
2025-07-07 10:55:51,146 - INFO - 执行点击: 区域坐标=(144, 1354), 屏幕绝对坐标=(2625, 1354)
2025-07-07 10:55:52,064 - INFO - 执行点击: 区域坐标=(145, 1484), 屏幕绝对坐标=(2626, 1484)
2025-07-07 10:55:52,985 - INFO - 执行点击: 区域坐标=(445, 1750), 屏幕绝对坐标=(2926, 1750)
2025-07-07 10:55:53,111 - INFO - 采用[固定延时]策略，等待 1 秒...
2025-07-07 10:55:54,853 - INFO - 延时结束，重新识别... 新题号: 第68题
2025-07-07 10:55:54,853 - INFO - 组合 ['C', 'D'] 错误，继续...
2025-07-07 10:55:54,853 - INFO - 尝试多选组合: ['C', 'A', 'B']
2025-07-07 10:55:54,854 - INFO - 执行点击: 区域坐标=(145, 1617), 屏幕绝对坐标=(2626, 1617)
2025-07-07 10:55:55,792 - INFO - 执行点击: 区域坐标=(147, 1223), 屏幕绝对坐标=(2628, 1223)
2025-07-07 10:55:56,727 - INFO - 执行点击: 区域坐标=(144, 1354), 屏幕绝对坐标=(2625, 1354)
2025-07-07 10:55:57,646 - INFO - 执行点击: 区域坐标=(445, 1750), 屏幕绝对坐标=(2926, 1750)
2025-07-07 10:55:57,770 - INFO - 采用[固定延时]策略，等待 1 秒...
2025-07-07 10:55:59,497 - INFO - 延时结束，重新识别... 新题号: 第68题
2025-07-07 10:55:59,498 - INFO - 组合 ['C', 'A', 'B'] 错误，继续...
2025-07-07 10:55:59,498 - INFO - 尝试多选组合: ['D', 'A', 'B']
2025-07-07 10:55:59,498 - INFO - 执行点击: 区域坐标=(145, 1484), 屏幕绝对坐标=(2626, 1484)
2025-07-07 10:56:00,428 - INFO - 执行点击: 区域坐标=(145, 1617), 屏幕绝对坐标=(2626, 1617)
2025-07-07 10:56:01,365 - INFO - 执行点击: 区域坐标=(445, 1750), 屏幕绝对坐标=(2926, 1750)
2025-07-07 10:56:01,489 - INFO - 采用[固定延时]策略，等待 1 秒...
2025-07-07 10:56:03,260 - INFO - 延时结束，重新识别... 新题号: 第68题
2025-07-07 10:56:03,260 - INFO - 组合 ['D', 'A', 'B'] 错误，继续...
2025-07-07 10:56:03,260 - INFO - 尝试多选组合: ['C', 'D', 'A']
2025-07-07 10:56:03,260 - INFO - 执行点击: 区域坐标=(144, 1354), 屏幕绝对坐标=(2625, 1354)
2025-07-07 10:56:04,189 - INFO - 执行点击: 区域坐标=(145, 1484), 屏幕绝对坐标=(2626, 1484)
2025-07-07 10:56:05,124 - INFO - 执行点击: 区域坐标=(445, 1750), 屏幕绝对坐标=(2926, 1750)
2025-07-07 10:56:05,249 - INFO - 采用[固定延时]策略，等待 1 秒...
2025-07-07 10:56:07,162 - INFO - 延时结束，重新识别... 新题号: 第69题
2025-07-07 10:56:07,162 - INFO - 
==================== 新一轮检测循环 ====================
2025-07-07 10:56:08,011 - INFO - 检测到新题目: 第69题 (上一题: 第68题)
2025-07-07 10:56:08,475 - INFO - 在当前页面找到[提交按钮]，区域坐标: (445, 1750)
2025-07-07 10:56:08,476 - INFO - 已对题目 第69题 的屏幕状态进行分析。
2025-07-07 10:56:09,062 - INFO - 找到选项 [A] (使用模板: option_A_2.png)，区域坐标: (147, 1223)
2025-07-07 10:56:09,551 - INFO - 找到选项 [B] (使用模板: option_B_2.png)，区域坐标: (144, 1354)
2025-07-07 10:56:10,008 - INFO - 找到选项 [C] (使用模板: option_C_2.png)，区域坐标: (145, 1484)
2025-07-07 10:56:10,459 - INFO - 找到选项 [D] (使用模板: option_D_2.png)，区域坐标: (145, 1617)
2025-07-07 10:56:10,459 - INFO - 开始解答多选题: 第69题
2025-07-07 10:56:10,460 - INFO - --- 开始第 1/3 轮多选题尝试 ---
2025-07-07 10:56:10,460 - INFO - 尝试多选组合: ['A', 'B']
2025-07-07 10:56:10,460 - INFO - 执行点击: 区域坐标=(147, 1223), 屏幕绝对坐标=(2628, 1223)
2025-07-07 10:56:11,385 - INFO - 执行点击: 区域坐标=(144, 1354), 屏幕绝对坐标=(2625, 1354)
2025-07-07 10:56:12,317 - INFO - 执行点击: 区域坐标=(445, 1750), 屏幕绝对坐标=(2926, 1750)
2025-07-07 10:56:12,442 - INFO - 采用[固定延时]策略，等待 1 秒...
2025-07-07 10:56:14,295 - INFO - 延时结束，重新识别... 新题号: 第69题
2025-07-07 10:56:14,296 - INFO - 组合 ['A', 'B'] 错误，继续...
2025-07-07 10:56:14,296 - INFO - 尝试多选组合: ['C', 'A']
2025-07-07 10:56:14,296 - INFO - 执行点击: 区域坐标=(144, 1354), 屏幕绝对坐标=(2625, 1354)
2025-07-07 10:56:15,229 - INFO - 执行点击: 区域坐标=(145, 1484), 屏幕绝对坐标=(2626, 1484)
2025-07-07 10:56:16,164 - INFO - 执行点击: 区域坐标=(445, 1750), 屏幕绝对坐标=(2926, 1750)
2025-07-07 10:56:16,289 - INFO - 采用[固定延时]策略，等待 1 秒...
2025-07-07 10:56:18,085 - INFO - 延时结束，重新识别... 新题号: 第69题
2025-07-07 10:56:18,085 - INFO - 组合 ['C', 'A'] 错误，继续...
2025-07-07 10:56:18,085 - INFO - 尝试多选组合: ['D', 'A']
2025-07-07 10:56:18,085 - INFO - 执行点击: 区域坐标=(145, 1484), 屏幕绝对坐标=(2626, 1484)
2025-07-07 10:56:19,034 - INFO - 执行点击: 区域坐标=(145, 1617), 屏幕绝对坐标=(2626, 1617)
2025-07-07 10:56:19,966 - INFO - 执行点击: 区域坐标=(445, 1750), 屏幕绝对坐标=(2926, 1750)
2025-07-07 10:56:20,105 - INFO - 采用[固定延时]策略，等待 1 秒...
2025-07-07 10:56:21,777 - INFO - 延时结束，重新识别... 新题号: 第69题
2025-07-07 10:56:21,777 - INFO - 组合 ['D', 'A'] 错误，继续...
2025-07-07 10:56:21,777 - INFO - 尝试多选组合: ['C', 'B']
2025-07-07 10:56:21,778 - INFO - 执行点击: 区域坐标=(145, 1617), 屏幕绝对坐标=(2626, 1617)
2025-07-07 10:56:22,717 - INFO - 执行点击: 区域坐标=(147, 1223), 屏幕绝对坐标=(2628, 1223)
2025-07-07 10:56:23,654 - INFO - 执行点击: 区域坐标=(145, 1484), 屏幕绝对坐标=(2626, 1484)
2025-07-07 10:56:24,589 - INFO - 执行点击: 区域坐标=(144, 1354), 屏幕绝对坐标=(2625, 1354)
2025-07-07 10:56:25,511 - INFO - 执行点击: 区域坐标=(445, 1750), 屏幕绝对坐标=(2926, 1750)
2025-07-07 10:56:25,635 - INFO - 采用[固定延时]策略，等待 1 秒...
2025-07-07 10:56:27,381 - INFO - 延时结束，重新识别... 新题号: 第69题
2025-07-07 10:56:27,382 - INFO - 组合 ['C', 'B'] 错误，继续...
2025-07-07 10:56:27,382 - INFO - 尝试多选组合: ['D', 'B']
2025-07-07 10:56:27,382 - INFO - 执行点击: 区域坐标=(145, 1484), 屏幕绝对坐标=(2626, 1484)
2025-07-07 10:56:28,317 - INFO - 执行点击: 区域坐标=(145, 1617), 屏幕绝对坐标=(2626, 1617)
2025-07-07 10:56:29,256 - INFO - 执行点击: 区域坐标=(445, 1750), 屏幕绝对坐标=(2926, 1750)
2025-07-07 10:56:29,381 - INFO - 采用[固定延时]策略，等待 1 秒...
2025-07-07 10:56:31,073 - INFO - 延时结束，重新识别... 新题号: 第69题
2025-07-07 10:56:31,073 - INFO - 组合 ['D', 'B'] 错误，继续...
2025-07-07 10:56:31,073 - INFO - 尝试多选组合: ['C', 'D']
2025-07-07 10:56:31,074 - INFO - 执行点击: 区域坐标=(144, 1354), 屏幕绝对坐标=(2625, 1354)
2025-07-07 10:56:32,016 - INFO - 执行点击: 区域坐标=(145, 1484), 屏幕绝对坐标=(2626, 1484)
2025-07-07 10:56:32,954 - INFO - 执行点击: 区域坐标=(445, 1750), 屏幕绝对坐标=(2926, 1750)
2025-07-07 10:56:33,078 - INFO - 采用[固定延时]策略，等待 1 秒...
2025-07-07 10:56:34,802 - INFO - 延时结束，重新识别... 新题号: 第69题
2025-07-07 10:56:34,802 - INFO - 组合 ['C', 'D'] 错误，继续...
2025-07-07 10:56:34,802 - INFO - 尝试多选组合: ['C', 'A', 'B']
2025-07-07 10:56:34,802 - INFO - 执行点击: 区域坐标=(145, 1617), 屏幕绝对坐标=(2626, 1617)
2025-07-07 10:56:35,750 - INFO - 执行点击: 区域坐标=(147, 1223), 屏幕绝对坐标=(2628, 1223)
2025-07-07 10:56:36,686 - INFO - 执行点击: 区域坐标=(144, 1354), 屏幕绝对坐标=(2625, 1354)
2025-07-07 10:56:37,624 - INFO - 执行点击: 区域坐标=(445, 1750), 屏幕绝对坐标=(2926, 1750)
2025-07-07 10:56:37,734 - INFO - 采用[固定延时]策略，等待 1 秒...
2025-07-07 10:56:39,525 - INFO - 延时结束，重新识别... 新题号: 第69题
2025-07-07 10:56:39,525 - INFO - 组合 ['C', 'A', 'B'] 错误，继续...
2025-07-07 10:56:39,526 - INFO - 尝试多选组合: ['D', 'A', 'B']
2025-07-07 10:56:39,526 - INFO - 执行点击: 区域坐标=(145, 1484), 屏幕绝对坐标=(2626, 1484)
2025-07-07 10:56:40,462 - INFO - 执行点击: 区域坐标=(145, 1617), 屏幕绝对坐标=(2626, 1617)
2025-07-07 10:56:41,399 - INFO - 执行点击: 区域坐标=(445, 1750), 屏幕绝对坐标=(2926, 1750)
2025-07-07 10:56:41,522 - INFO - 采用[固定延时]策略，等待 1 秒...
2025-07-07 10:56:43,242 - INFO - 延时结束，重新识别... 新题号: 第69题
2025-07-07 10:56:43,242 - INFO - 组合 ['D', 'A', 'B'] 错误，继续...
2025-07-07 10:56:43,242 - INFO - 尝试多选组合: ['C', 'D', 'A']
2025-07-07 10:56:43,243 - INFO - 执行点击: 区域坐标=(144, 1354), 屏幕绝对坐标=(2625, 1354)
2025-07-07 10:56:44,172 - INFO - 执行点击: 区域坐标=(145, 1484), 屏幕绝对坐标=(2626, 1484)
2025-07-07 10:56:45,104 - INFO - 执行点击: 区域坐标=(445, 1750), 屏幕绝对坐标=(2926, 1750)
2025-07-07 10:56:45,227 - INFO - 采用[固定延时]策略，等待 1 秒...
2025-07-07 10:56:46,978 - INFO - 延时结束，重新识别... 新题号: 第69题
2025-07-07 10:56:46,979 - INFO - 组合 ['C', 'D', 'A'] 错误，继续...
2025-07-07 10:56:46,979 - INFO - 尝试多选组合: ['C', 'D', 'B']
2025-07-07 10:56:46,979 - INFO - 执行点击: 区域坐标=(147, 1223), 屏幕绝对坐标=(2628, 1223)
2025-07-07 10:56:47,915 - INFO - 执行点击: 区域坐标=(144, 1354), 屏幕绝对坐标=(2625, 1354)
2025-07-07 10:56:48,850 - INFO - 执行点击: 区域坐标=(445, 1750), 屏幕绝对坐标=(2926, 1750)
2025-07-07 10:56:48,974 - INFO - 采用[固定延时]策略，等待 1 秒...
2025-07-07 10:56:50,749 - INFO - 延时结束，重新识别... 新题号: 第69题
2025-07-07 10:56:50,750 - INFO - 组合 ['C', 'D', 'B'] 错误，继续...
2025-07-07 10:56:50,750 - INFO - 尝试多选组合: ['C', 'D', 'A', 'B']
2025-07-07 10:56:50,750 - INFO - 执行点击: 区域坐标=(147, 1223), 屏幕绝对坐标=(2628, 1223)
2025-07-07 10:56:51,689 - INFO - 执行点击: 区域坐标=(445, 1750), 屏幕绝对坐标=(2926, 1750)
2025-07-07 10:56:51,814 - INFO - 采用[固定延时]策略，等待 1 秒...
2025-07-07 10:56:53,711 - INFO - 延时结束，重新识别... 新题号: 第70题
2025-07-07 10:56:53,711 - INFO - 
==================== 新一轮检测循环 ====================
2025-07-07 10:56:54,572 - INFO - 检测到新题目: 第70题 (上一题: 第69题)
2025-07-07 10:56:55,153 - INFO - 在当前页面找到[提交按钮]，区域坐标: (445, 1750)
2025-07-07 10:56:55,154 - INFO - 已对题目 第70题 的屏幕状态进行分析。
2025-07-07 10:56:55,839 - INFO - 找到选项 [A] (使用模板: option_A_2.png)，区域坐标: (147, 1223)
2025-07-07 10:56:56,290 - INFO - 找到选项 [B] (使用模板: option_B_2.png)，区域坐标: (144, 1354)
2025-07-07 10:56:56,780 - INFO - 找到选项 [C] (使用模板: option_C_2.png)，区域坐标: (145, 1484)
2025-07-07 10:56:57,271 - INFO - 找到选项 [D] (使用模板: option_D_2.png)，区域坐标: (145, 1617)
2025-07-07 10:56:57,271 - INFO - 开始解答多选题: 第70题
2025-07-07 10:56:57,271 - INFO - --- 开始第 1/3 轮多选题尝试 ---
2025-07-07 10:56:57,271 - INFO - 尝试多选组合: ['A', 'B']
2025-07-07 10:56:57,271 - INFO - 执行点击: 区域坐标=(147, 1223), 屏幕绝对坐标=(2628, 1223)
2025-07-07 10:56:58,209 - INFO - 执行点击: 区域坐标=(144, 1354), 屏幕绝对坐标=(2625, 1354)
2025-07-07 10:56:59,144 - INFO - 执行点击: 区域坐标=(445, 1750), 屏幕绝对坐标=(2926, 1750)
2025-07-07 10:56:59,268 - INFO - 采用[固定延时]策略，等待 1 秒...
2025-07-07 10:57:01,496 - INFO - 延时结束，重新识别... 未识别到题号
2025-07-07 10:57:01,497 - INFO - 组合 ['A', 'B'] 错误，继续...
2025-07-07 10:57:01,497 - INFO - 尝试多选组合: ['C', 'A']
2025-07-07 10:57:01,497 - INFO - 执行点击: 区域坐标=(144, 1354), 屏幕绝对坐标=(2625, 1354)
2025-07-07 10:57:02,419 - INFO - 执行点击: 区域坐标=(145, 1484), 屏幕绝对坐标=(2626, 1484)
2025-07-07 10:57:03,356 - INFO - 执行点击: 区域坐标=(445, 1750), 屏幕绝对坐标=(2926, 1750)
2025-07-07 10:57:03,480 - INFO - 采用[固定延时]策略，等待 1 秒...
2025-07-07 10:57:05,094 - INFO - 延时结束，重新识别... 未识别到题号
2025-07-07 10:57:05,095 - INFO - 组合 ['C', 'A'] 错误，继续...
2025-07-07 10:57:05,095 - INFO - 尝试多选组合: ['D', 'A']
2025-07-07 10:57:05,095 - INFO - 执行点击: 区域坐标=(145, 1484), 屏幕绝对坐标=(2626, 1484)
2025-07-07 10:57:06,041 - INFO - 执行点击: 区域坐标=(145, 1617), 屏幕绝对坐标=(2626, 1617)
2025-07-07 10:57:06,958 - INFO - 执行点击: 区域坐标=(445, 1750), 屏幕绝对坐标=(2926, 1750)
2025-07-07 10:57:07,082 - INFO - 采用[固定延时]策略，等待 1 秒...
2025-07-07 10:57:08,882 - INFO - 延时结束，重新识别... 未识别到题号
2025-07-07 10:57:08,883 - INFO - 组合 ['D', 'A'] 错误，继续...
2025-07-07 10:57:08,883 - INFO - 尝试多选组合: ['C', 'B']
2025-07-07 10:57:08,883 - INFO - 执行点击: 区域坐标=(145, 1617), 屏幕绝对坐标=(2626, 1617)
2025-07-07 10:57:09,804 - INFO - 执行点击: 区域坐标=(147, 1223), 屏幕绝对坐标=(2628, 1223)
2025-07-07 10:57:10,740 - INFO - 执行点击: 区域坐标=(145, 1484), 屏幕绝对坐标=(2626, 1484)
2025-07-07 10:57:11,671 - INFO - 执行点击: 区域坐标=(144, 1354), 屏幕绝对坐标=(2625, 1354)
2025-07-07 10:57:12,604 - INFO - 执行点击: 区域坐标=(445, 1750), 屏幕绝对坐标=(2926, 1750)
2025-07-07 10:57:12,731 - INFO - 采用[固定延时]策略，等待 1 秒...
2025-07-07 10:57:14,411 - INFO - 延时结束，重新识别... 未识别到题号
2025-07-07 10:57:14,411 - INFO - 组合 ['C', 'B'] 错误，继续...
2025-07-07 10:57:14,412 - INFO - 尝试多选组合: ['D', 'B']
2025-07-07 10:57:14,412 - INFO - 执行点击: 区域坐标=(145, 1484), 屏幕绝对坐标=(2626, 1484)
2025-07-07 10:57:15,345 - INFO - 执行点击: 区域坐标=(145, 1617), 屏幕绝对坐标=(2626, 1617)
2025-07-07 10:57:16,268 - INFO - 执行点击: 区域坐标=(445, 1750), 屏幕绝对坐标=(2926, 1750)
2025-07-07 10:57:16,394 - INFO - 采用[固定延时]策略，等待 1 秒...
2025-07-07 10:57:17,980 - INFO - 延时结束，重新识别... 未识别到题号
2025-07-07 10:57:17,980 - INFO - 组合 ['D', 'B'] 错误，继续...
2025-07-07 10:57:17,980 - INFO - 尝试多选组合: ['C', 'D']
2025-07-07 10:57:17,980 - INFO - 执行点击: 区域坐标=(144, 1354), 屏幕绝对坐标=(2625, 1354)
2025-07-07 10:57:18,922 - INFO - 执行点击: 区域坐标=(145, 1484), 屏幕绝对坐标=(2626, 1484)
2025-07-07 10:57:19,842 - INFO - 执行点击: 区域坐标=(445, 1750), 屏幕绝对坐标=(2926, 1750)
2025-07-07 10:57:19,966 - INFO - 采用[固定延时]策略，等待 1 秒...
2025-07-07 10:57:21,552 - INFO - 延时结束，重新识别... 未识别到题号
2025-07-07 10:57:21,552 - INFO - 组合 ['C', 'D'] 错误，继续...
2025-07-07 10:57:21,552 - INFO - 尝试多选组合: ['C', 'A', 'B']
2025-07-07 10:57:21,553 - INFO - 执行点击: 区域坐标=(145, 1617), 屏幕绝对坐标=(2626, 1617)
2025-07-07 10:57:22,484 - INFO - 执行点击: 区域坐标=(147, 1223), 屏幕绝对坐标=(2628, 1223)
2025-07-07 10:57:23,420 - INFO - 执行点击: 区域坐标=(144, 1354), 屏幕绝对坐标=(2625, 1354)
2025-07-07 10:57:24,346 - INFO - 执行点击: 区域坐标=(445, 1750), 屏幕绝对坐标=(2926, 1750)
2025-07-07 10:57:24,470 - INFO - 采用[固定延时]策略，等待 1 秒...
2025-07-07 10:57:26,093 - INFO - 延时结束，重新识别... 未识别到题号
2025-07-07 10:57:26,093 - INFO - 组合 ['C', 'A', 'B'] 错误，继续...
2025-07-07 10:57:26,093 - INFO - 尝试多选组合: ['D', 'A', 'B']
2025-07-07 10:57:26,093 - INFO - 执行点击: 区域坐标=(145, 1484), 屏幕绝对坐标=(2626, 1484)
2025-07-07 10:57:27,026 - INFO - 执行点击: 区域坐标=(145, 1617), 屏幕绝对坐标=(2626, 1617)
2025-07-07 10:57:27,958 - INFO - 执行点击: 区域坐标=(445, 1750), 屏幕绝对坐标=(2926, 1750)
2025-07-07 10:57:28,085 - INFO - 采用[固定延时]策略，等待 1 秒...
2025-07-07 10:57:29,868 - INFO - 延时结束，重新识别... 未识别到题号
2025-07-07 10:57:29,868 - INFO - 组合 ['D', 'A', 'B'] 错误，继续...
2025-07-07 10:57:29,868 - INFO - 尝试多选组合: ['C', 'D', 'A']
2025-07-07 10:57:29,868 - INFO - 执行点击: 区域坐标=(144, 1354), 屏幕绝对坐标=(2625, 1354)
2025-07-07 10:57:30,808 - INFO - 执行点击: 区域坐标=(145, 1484), 屏幕绝对坐标=(2626, 1484)
2025-07-07 10:57:31,742 - INFO - 执行点击: 区域坐标=(445, 1750), 屏幕绝对坐标=(2926, 1750)
2025-07-07 10:57:31,850 - INFO - 采用[固定延时]策略，等待 1 秒...
2025-07-07 10:57:33,469 - INFO - 延时结束，重新识别... 未识别到题号
2025-07-07 10:57:33,469 - INFO - 组合 ['C', 'D', 'A'] 错误，继续...
2025-07-07 10:57:33,469 - INFO - 尝试多选组合: ['C', 'D', 'B']
2025-07-07 10:57:33,470 - INFO - 执行点击: 区域坐标=(147, 1223), 屏幕绝对坐标=(2628, 1223)
2025-07-07 10:57:34,392 - INFO - 执行点击: 区域坐标=(144, 1354), 屏幕绝对坐标=(2625, 1354)
2025-07-07 10:57:35,328 - INFO - 执行点击: 区域坐标=(445, 1750), 屏幕绝对坐标=(2926, 1750)
2025-07-07 10:57:35,452 - INFO - 采用[固定延时]策略，等待 1 秒...
2025-07-07 10:57:37,231 - INFO - 延时结束，重新识别... 未识别到题号
2025-07-07 10:57:37,231 - INFO - 组合 ['C', 'D', 'B'] 错误，继续...
2025-07-07 10:57:37,232 - INFO - 尝试多选组合: ['C', 'D', 'A', 'B']
2025-07-07 10:57:37,232 - INFO - 执行点击: 区域坐标=(147, 1223), 屏幕绝对坐标=(2628, 1223)
2025-07-07 10:57:38,158 - INFO - 执行点击: 区域坐标=(445, 1750), 屏幕绝对坐标=(2926, 1750)
2025-07-07 10:57:38,281 - INFO - 采用[固定延时]策略，等待 1 秒...
2025-07-07 10:57:40,022 - INFO - 延时结束，重新识别... 未识别到题号
2025-07-07 10:57:40,022 - INFO - 组合 ['C', 'D', 'A', 'B'] 错误，继续...
2025-07-07 10:57:40,023 - WARNING - 第 1 轮所有组合尝试完成，题目仍未改变。
2025-07-07 10:57:40,023 - INFO - 重置所有选项为未选中状态，准备开始下一轮...
2025-07-07 10:57:40,023 - INFO - 执行点击: 区域坐标=(145, 1484), 屏幕绝对坐标=(2626, 1484)
2025-07-07 10:57:40,959 - INFO - 执行点击: 区域坐标=(145, 1617), 屏幕绝对坐标=(2626, 1617)
2025-07-07 10:57:41,892 - INFO - 执行点击: 区域坐标=(147, 1223), 屏幕绝对坐标=(2628, 1223)
2025-07-07 10:57:42,826 - INFO - 执行点击: 区域坐标=(144, 1354), 屏幕绝对坐标=(2625, 1354)
2025-07-07 10:57:43,757 - INFO - --- 开始第 2/3 轮多选题尝试 ---
2025-07-07 10:57:43,757 - INFO - 尝试多选组合: ['A', 'B']
2025-07-07 10:57:43,757 - INFO - 执行点击: 区域坐标=(147, 1223), 屏幕绝对坐标=(2628, 1223)
2025-07-07 10:57:44,695 - INFO - 执行点击: 区域坐标=(144, 1354), 屏幕绝对坐标=(2625, 1354)
2025-07-07 10:57:45,630 - INFO - 执行点击: 区域坐标=(445, 1750), 屏幕绝对坐标=(2926, 1750)
2025-07-07 10:57:45,754 - INFO - 采用[固定延时]策略，等待 1 秒...
2025-07-07 10:57:47,395 - INFO - 延时结束，重新识别... 未识别到题号
2025-07-07 10:57:47,395 - INFO - 组合 ['A', 'B'] 错误，继续...
2025-07-07 10:57:47,396 - INFO - 尝试多选组合: ['C', 'A']
2025-07-07 10:57:47,396 - INFO - 执行点击: 区域坐标=(144, 1354), 屏幕绝对坐标=(2625, 1354)
2025-07-07 10:57:48,329 - INFO - 执行点击: 区域坐标=(145, 1484), 屏幕绝对坐标=(2626, 1484)
2025-07-07 10:57:49,263 - INFO - 执行点击: 区域坐标=(445, 1750), 屏幕绝对坐标=(2926, 1750)
2025-07-07 10:57:49,420 - INFO - 采用[固定延时]策略，等待 1 秒...
2025-07-07 10:57:51,184 - INFO - 延时结束，重新识别... 未识别到题号
2025-07-07 10:57:51,184 - INFO - 组合 ['C', 'A'] 错误，继续...
2025-07-07 10:57:51,184 - INFO - 尝试多选组合: ['D', 'A']
2025-07-07 10:57:51,185 - INFO - 执行点击: 区域坐标=(145, 1484), 屏幕绝对坐标=(2626, 1484)
2025-07-07 10:57:52,111 - INFO - 执行点击: 区域坐标=(145, 1617), 屏幕绝对坐标=(2626, 1617)
2025-07-07 10:57:53,045 - INFO - 执行点击: 区域坐标=(445, 1750), 屏幕绝对坐标=(2926, 1750)
2025-07-07 10:57:53,170 - INFO - 采用[固定延时]策略，等待 1 秒...
2025-07-07 10:57:54,260 - INFO - 脚本执行结束。
