2025-07-10 21:21:46,020 - INFO - 开始从 'templates' 目录加载选项模板...
2025-07-10 21:21:46,022 - INFO -   -> 已加载模板: option_A_1.png for Option A
2025-07-10 21:21:46,022 - INFO -   -> 已加载模板: option_A_2.png for Option A
2025-07-10 21:21:46,023 - INFO -   -> 已加载模板: option_B_1.png for Option B
2025-07-10 21:21:46,023 - INFO -   -> 已加载模板: option_B_2.png for Option B
2025-07-10 21:21:46,023 - INFO -   -> 已加载模板: option_C_1.png for Option C
2025-07-10 21:21:46,024 - INFO -   -> 已加载模板: option_C_2.png for Option C
2025-07-10 21:21:46,024 - INFO -   -> 已加载模板: option_D_1.png for Option D
2025-07-10 21:21:46,048 - INFO -   -> 已加载模板: option_D_2.png for Option D
2025-07-10 21:21:46,048 - INFO - 选项模板加载完成。
2025-07-10 21:21:46,049 - INFO -   - 选项 [A] 加载了 2 个模板。
2025-07-10 21:21:46,049 - INFO -   - 选项 [B] 加载了 2 个模板。
2025-07-10 21:21:46,049 - INFO -   - 选项 [C] 加载了 2 个模板。
2025-07-10 21:21:46,049 - INFO -   - 选项 [D] 加载了 2 个模板。
2025-07-10 21:21:46,049 - INFO - 正在初始化OCR模型...
2025-07-10 21:21:46,838 - INFO - OCR模型初始化完成。
2025-07-10 21:21:46,838 - INFO - =========== 配置加载 ===========
2025-07-10 21:21:46,838 - INFO - 日志文件将保存至: logs\20250710_212146.log
2025-07-10 21:21:46,838 - INFO - 本次运行截图将保存至: screenshots\20250710_212146
2025-07-10 21:21:46,838 - INFO - 投屏区域 (Region): (2481, 0, 901, 2063)
2025-07-10 21:21:46,838 - INFO - 滚动模式 (Scroll Mode): BOTH
2025-07-10 21:21:46,839 - INFO - 脚本将在3秒后开始，请确保投屏窗口在前台且无遮挡...
2025-07-10 21:21:49,841 - INFO - 
==================== 新一轮检测循环 ====================
2025-07-10 21:21:53,895 - ERROR - 无法识别当前题号，脚本可能卡住或已结束。等待5秒后重试...
2025-07-10 21:21:58,905 - INFO - 
==================== 新一轮检测循环 ====================
2025-07-10 21:22:02,543 - ERROR - 无法识别当前题号，脚本可能卡住或已结束。等待5秒后重试...
2025-07-10 21:22:07,547 - INFO - 
==================== 新一轮检测循环 ====================
2025-07-10 21:22:11,678 - ERROR - 无法识别当前题号，脚本可能卡住或已结束。等待5秒后重试...
2025-07-10 21:22:16,692 - INFO - 
==================== 新一轮检测循环 ====================
2025-07-10 21:22:20,326 - ERROR - 无法识别当前题号，脚本可能卡住或已结束。等待5秒后重试...
2025-07-10 21:22:25,331 - INFO - 
==================== 新一轮检测循环 ====================
2025-07-10 21:22:29,292 - ERROR - 无法识别当前题号，脚本可能卡住或已结束。等待5秒后重试...
2025-07-10 21:22:34,300 - INFO - 
==================== 新一轮检测循环 ====================
